TN:verilator_coverage
SF:/mnt/data/github/rtldesignsherpa/projects/components/rapids/rtl/fub_beats/alloc_ctrl_beats.sv
DA:38,3300
DA:39,12
DA:42,12
DA:43,0
DA:44,12
DA:47,64
DA:48,36
DA:51,12
DA:52,0
DA:53,0
DA:54,24
DA:55,24
DA:61,12
DA:62,12
DA:68,0
DA:69,0
DA:70,0
DA:71,0
DA:76,12
DA:97,6
DA:116,1656
DA:117,32
DA:119,32
DA:120,32
DA:121,32
end_of_record
SF:/mnt/data/github/rtldesignsherpa/projects/components/rapids/rtl/fub_beats/descriptor_engine_beats.sv
DA:68,3696
DA:69,12
DA:72,12
DA:73,20
DA:74,0
DA:77,20
DA:78,36
DA:79,20
DA:80,0
DA:81,0
DA:84,0
DA:85,0
DA:86,0
DA:87,0
DA:90,12
DA:91,12
DA:92,0
DA:93,0
DA:94,0
DA:95,0
DA:96,0
DA:97,0
DA:98,0
DA:99,0
DA:100,0
DA:101,0
DA:104,12
DA:105,12
DA:106,0
DA:107,0
DA:108,3
DA:109,0
DA:112,0
DA:113,0
DA:114,0
DA:115,0
DA:116,0
DA:117,0
DA:120,0
DA:123,24
DA:126,12
DA:127,12
DA:128,0
DA:135,12
DA:136,12
DA:160,0
DA:161,0
DA:165,0
DA:166,24
DA:167,36
DA:168,24
DA:174,12
DA:175,12
DA:176,0
DA:183,12
DA:184,24
DA:185,0
DA:186,24
DA:192,12
DA:193,20
DA:198,12
DA:202,12
DA:203,0
DA:204,0
DA:208,0
DA:209,0
DA:213,0
DA:214,12
DA:215,0
DA:219,0
DA:220,3
DA:221,3
DA:222,0
DA:223,0
DA:228,12
DA:229,12
DA:230,12
DA:234,0
DA:238,8
DA:239,20
DA:243,12
DA:244,0
DA:257,192
DA:287,6
DA:358,11253
DA:359,11253
DA:360,11253
DA:363,42
DA:364,42
DA:365,42
DA:368,0
DA:369,0
DA:370,0
DA:403,0
DA:475,12
DA:477,12
DA:478,12
DA:479,12
DA:480,12
DA:481,12
DA:482,12
DA:485,12
DA:486,12
DA:487,12
DA:491,12
DA:492,12
DA:493,12
DA:494,12
DA:566,192
DA:568,0
DA:569,3
DA:570,0
DA:571,3
DA:572,0
DA:573,0
DA:574,0
DA:575,0
DA:577,12
DA:578,12
DA:579,12
DA:580,12
DA:581,12
DA:582,12
DA:583,12
DA:584,12
DA:585,12
DA:589,0
DA:590,0
DA:592,0
DA:593,0
DA:595,0
DA:596,0
DA:597,0
DA:598,0
DA:602,0
DA:604,0
DA:605,0
DA:606,0
DA:607,0
DA:612,0
DA:614,0
DA:615,0
DA:616,0
DA:618,0
DA:619,0
DA:620,0
DA:621,0
DA:627,0
DA:629,0
DA:633,0
DA:638,0
DA:640,0
DA:643,0
DA:645,0
DA:718,0
DA:725,11253
DA:726,11253
DA:728,36
DA:730,36
DA:731,36
DA:732,36
DA:733,36
DA:734,36
DA:801,0
DA:821,0
DA:835,4
DA:855,2
end_of_record
SF:/mnt/data/github/rtldesignsherpa/projects/components/rapids/rtl/fub_beats/drain_ctrl_beats.sv
DA:38,3300
DA:39,12
DA:42,48
DA:43,12
DA:46,46
DA:47,0
DA:48,36
DA:51,0
DA:52,0
DA:53,0
DA:54,24
DA:55,24
DA:61,12
DA:62,12
DA:68,0
DA:69,0
DA:70,0
DA:71,0
DA:72,0
DA:77,30
DA:96,1656
DA:97,32
DA:99,32
DA:100,32
DA:101,32
DA:117,32
end_of_record
SF:/mnt/data/github/rtldesignsherpa/projects/components/rapids/rtl/fub_beats/latency_bridge_beats.sv
DA:50,338
DA:51,6
DA:57,12
DA:58,14
DA:59,0
DA:65,20
DA:66,6
DA:67,0
DA:72,8
DA:77,12
DA:78,20
DA:86,12
DA:89,12
DA:90,14
DA:91,0
DA:92,8
DA:101,8
DA:130,0
DA:131,8
DA:132,14
DA:137,12
DA:146,66
DA:189,8
DA:190,172
DA:191,172
DA:192,30
DA:193,30
DA:194,30
DA:198,62
DA:199,62
DA:200,62
end_of_record
SF:/mnt/data/github/rtldesignsherpa/projects/components/rapids/rtl/fub_beats/scheduler_beats.sv
DA:81,3696
DA:82,12
DA:85,12
DA:86,0
DA:87,0
DA:88,12
DA:91,20
DA:92,0
DA:95,36
DA:96,20
DA:97,0
DA:98,0
DA:102,8
DA:103,0
DA:104,0
DA:108,8
DA:109,12
DA:110,0
DA:111,0
DA:114,4
DA:115,0
DA:116,4
DA:117,0
DA:120,0
DA:121,0
DA:122,0
DA:125,16
DA:126,12
DA:127,0
DA:135,12
DA:136,12
DA:168,0
DA:169,3
DA:170,0
DA:171,3
DA:172,0
DA:173,0
DA:174,0
DA:175,0
DA:187,0
DA:190,20
DA:191,12
DA:192,8
DA:193,4
DA:194,0
DA:195,0
DA:199,0
DA:204,8
DA:208,0
DA:209,0
DA:210,0
DA:211,0
DA:212,0
DA:217,0
DA:218,0
DA:225,0
DA:226,0
DA:227,0
DA:231,16
DA:232,0
DA:236,20
DA:237,20
DA:238,20
DA:250,131
DA:263,131
DA:272,11253
DA:273,11253
DA:276,0
DA:277,0
DA:278,11253
DA:284,0
DA:285,0
DA:286,0
DA:287,11253
DA:289,11253
DA:290,8859
DA:294,36
DA:295,36
DA:299,36
DA:302,0
DA:303,36
DA:304,0
DA:305,0
DA:309,2250
DA:319,14
DA:320,14
DA:325,12
DA:328,0
DA:329,0
DA:330,12
DA:331,12
DA:335,0
DA:338,0
DA:339,0
DA:344,0
DA:347,0
DA:350,36
DA:352,36
DA:359,12
DA:360,12
DA:361,12
DA:362,12
DA:363,12
DA:364,12
DA:365,12
DA:366,12
DA:478,0
DA:509,4
DA:510,4
DA:608,0
DA:726,0
end_of_record
SF:/mnt/data/github/rtldesignsherpa/projects/components/rapids/rtl/macro_beats/scheduler_group_array_beats.sv
DA:49,6844
DA:50,12
DA:53,12
DA:54,20
DA:58,12
DA:59,0
DA:62,12
DA:63,0
DA:64,12
DA:65,12
DA:66,12
DA:67,0
DA:70,12
DA:71,12
DA:72,0
DA:73,0
DA:74,12
DA:75,0
DA:76,12
DA:79,12
DA:80,12
DA:81,0
DA:82,12
DA:83,0
DA:84,0
DA:85,12
DA:86,0
DA:87,12
DA:88,12
DA:89,12
DA:90,12
DA:91,12
DA:92,12
DA:93,12
DA:96,24
DA:97,20
DA:98,0
DA:99,0
DA:102,220
DA:103,0
DA:104,0
DA:105,0
DA:106,0
DA:109,112
DA:110,132
DA:111,0
DA:112,0
DA:113,0
DA:114,0
DA:115,0
DA:116,0
DA:117,0
DA:118,0
DA:119,0
DA:120,0
DA:123,132
DA:124,12
DA:125,0
DA:126,0
DA:127,12
DA:128,0
DA:132,8
DA:134,0
DA:138,8
DA:139,12
DA:141,0
DA:144,4
DA:145,0
DA:146,4
DA:147,0
DA:150,0
DA:151,0
DA:154,332
DA:155,12
DA:156,0
DA:164,12
DA:165,12
DA:167,0
DA:168,0
DA:169,0
DA:170,0
DA:171,0
DA:172,0
DA:173,0
DA:174,0
DA:175,0
DA:179,12
DA:180,12
DA:182,0
DA:183,132
DA:184,0
DA:190,28
DA:191,12
DA:198,128
DA:199,12
DA:200,12
DA:201,48
DA:204,128
DA:205,32
DA:206,0
DA:207,0
DA:208,0
DA:209,0
DA:210,0
DA:211,0
DA:212,0
DA:213,0
DA:214,0
DA:215,0
DA:217,132
DA:218,132
DA:219,0
DA:220,0
DA:221,132
DA:222,0
DA:229,0
DA:230,12
DA:231,0
DA:236,0
DA:237,12
DA:362,12
DA:363,12
DA:364,96
DA:369,12
DA:370,12
DA:371,96
DA:376,21072
DA:377,21072
DA:378,21072
DA:379,21072
DA:380,21072
DA:381,21072
DA:382,21072
DA:383,21072
DA:384,21072
DA:385,21072
DA:386,21072
DA:387,21072
DA:389,21072
DA:390,6460
DA:391,6460
DA:392,6460
DA:393,6460
DA:394,6460
DA:395,6460
DA:397,6460
DA:398,6460
DA:399,6460
DA:400,6460
DA:401,6460
DA:402,6460
DA:412,48
DA:416,21072
DA:418,21072
DA:419,21072
DA:420,168576
DA:421,168576
DA:422,168576
DA:423,168576
DA:427,462
DA:428,462
DA:541,12
DA:543,12
DA:544,96
DA:545,96
DA:546,96
DA:550,12
DA:551,12
DA:552,12
end_of_record
SF:/mnt/data/github/rtldesignsherpa/projects/components/rapids/rtl/macro_beats/scheduler_group_beats.sv
DA:43,3696
DA:44,12
DA:47,12
DA:48,20
DA:49,0
DA:52,12
DA:53,0
DA:56,0
DA:57,12
DA:58,12
DA:59,12
DA:60,0
DA:63,12
DA:64,0
DA:65,0
DA:66,0
DA:67,0
DA:68,0
DA:71,24
DA:72,20
DA:73,0
DA:74,0
DA:77,12
DA:78,12
DA:79,0
DA:80,0
DA:81,0
DA:82,0
DA:83,0
DA:84,0
DA:85,0
DA:86,0
DA:87,0
DA:88,0
DA:91,12
DA:92,12
DA:93,0
DA:94,0
DA:95,3
DA:96,0
DA:100,8
DA:101,0
DA:102,0
DA:106,8
DA:107,12
DA:108,0
DA:109,0
DA:112,4
DA:113,0
DA:114,4
DA:115,0
DA:118,0
DA:119,0
DA:122,28
DA:123,12
DA:124,0
DA:134,36
DA:135,20
DA:136,0
DA:137,0
DA:138,0
DA:139,0
DA:140,0
DA:141,0
DA:144,20
DA:151,12
DA:152,12
DA:153,0
DA:155,16
DA:156,12
DA:157,0
end_of_record
SF:/mnt/data/github/rtldesignsherpa/projects/components/rapids/rtl/macro_beats/snk_sram_controller_beats.sv
DA:53,2955
DA:54,9
DA:60,52
DA:61,0
DA:62,2
DA:63,4
DA:69,160
DA:70,9
DA:71,2
DA:72,0
DA:77,0
DA:78,12
DA:79,0
DA:84,16
DA:85,240
DA:86,10
DA:87,0
DA:92,4
DA:93,16
DA:97,9
DA:98,9
DA:107,4
DA:108,6
DA:109,12
DA:111,4
DA:114,7975
DA:115,7975
DA:117,720
DA:118,720
DA:124,9
DA:126,0
DA:127,9
DA:128,0
DA:129,0
DA:135,7975
DA:136,7975
DA:138,720
DA:139,720
DA:145,9
DA:147,0
DA:148,9
DA:149,0
DA:150,0
DA:156,7975
DA:157,7975
DA:159,156
DA:160,156
end_of_record
SF:/mnt/data/github/rtldesignsherpa/projects/components/rapids/rtl/macro_beats/snk_sram_controller_unit_beats.sv
DA:53,20340
DA:54,60
DA:59,52
DA:60,0
DA:61,52
DA:66,160
DA:67,60
DA:68,0
DA:73,0
DA:74,186
DA:75,0
DA:80,172
DA:81,240
DA:82,0
DA:87,160
DA:88,172
DA:99,52
DA:100,0
DA:103,220
DA:104,144
DA:105,0
DA:108,0
DA:111,84
DA:238,960
end_of_record
SF:/mnt/data/github/rtldesignsherpa/projects/components/rapids/rtl/macro_beats/src_sram_controller_beats.sv
DA:53,2955
DA:54,9
DA:60,52
DA:61,0
DA:62,2
DA:63,4
DA:69,160
DA:70,9
DA:71,2
DA:72,0
DA:77,0
DA:78,12
DA:79,0
DA:84,16
DA:85,240
DA:86,10
DA:87,0
DA:92,4
DA:93,16
DA:97,9
DA:98,9
DA:107,4
DA:108,6
DA:109,12
DA:111,4
DA:114,7975
DA:115,7975
DA:117,720
DA:118,720
DA:124,9
DA:126,0
DA:127,9
DA:128,0
DA:129,0
DA:135,7975
DA:136,7975
DA:138,720
DA:139,720
DA:145,9
DA:147,0
DA:148,9
DA:149,0
DA:150,0
DA:156,7975
DA:157,7975
DA:159,156
DA:160,156
end_of_record
SF:/mnt/data/github/rtldesignsherpa/projects/components/rapids/rtl/macro_beats/src_sram_controller_unit_beats.sv
DA:53,20340
DA:54,60
DA:59,52
DA:60,0
DA:61,52
DA:66,160
DA:67,60
DA:68,0
DA:73,0
DA:74,186
DA:75,0
DA:80,172
DA:81,240
DA:82,0
DA:87,160
DA:88,172
DA:99,52
DA:100,0
DA:103,220
DA:104,144
DA:105,0
DA:108,0
DA:111,84
DA:238,960
end_of_record
