TN:verilator_coverage
SF:/mnt/data/github/rtldesignsherpa/projects/components/rapids/rtl/fub_beats/alloc_ctrl_beats.sv
DA:38,3300
DA:39,12
DA:42,12
DA:43,0
DA:44,12
DA:47,64
DA:48,36
DA:51,12
DA:52,0
DA:53,0
DA:54,24
DA:55,24
DA:61,12
DA:62,12
DA:68,0
DA:69,0
DA:70,0
DA:71,0
DA:76,12
DA:97,6
DA:116,1656
DA:117,32
DA:119,32
DA:120,32
DA:121,32
end_of_record
SF:/mnt/data/github/rtldesignsherpa/projects/components/rapids/rtl/fub_beats/descriptor_engine_beats.sv
DA:68,3696
DA:69,12
DA:72,12
DA:73,20
DA:74,0
DA:77,20
DA:78,36
DA:79,20
DA:80,0
DA:81,0
DA:84,0
DA:85,0
DA:86,0
DA:87,0
DA:90,12
DA:91,12
DA:92,0
DA:93,0
DA:94,0
DA:95,0
DA:96,0
DA:97,0
DA:98,0
DA:99,0
DA:100,0
DA:101,0
DA:104,12
DA:105,12
DA:106,0
DA:107,0
DA:108,3
DA:109,0
DA:112,0
DA:113,0
DA:114,0
DA:115,0
DA:116,0
DA:117,0
DA:120,0
DA:123,24
DA:126,12
DA:127,12
DA:128,0
DA:135,12
DA:136,12
DA:160,0
DA:161,0
DA:165,0
DA:166,24
DA:167,36
DA:168,24
DA:174,12
DA:175,12
DA:176,0
DA:183,12
DA:184,24
DA:185,0
DA:186,24
DA:192,12
DA:193,20
DA:198,12
DA:202,12
DA:203,0
DA:204,0
DA:208,0
DA:209,0
DA:213,0
DA:214,12
DA:215,0
DA:219,0
DA:220,3
DA:221,3
DA:222,0
DA:223,0
DA:228,12
DA:229,12
DA:230,12
DA:234,0
DA:238,8
DA:239,20
DA:243,12
DA:244,0
DA:257,192
DA:287,6
DA:358,11253
DA:359,11253
DA:360,11253
DA:363,42
DA:364,42
DA:365,42
DA:368,0
DA:369,0
DA:370,0
DA:403,0
DA:475,12
DA:477,12
DA:478,12
DA:479,12
DA:480,12
DA:481,12
DA:482,12
DA:485,12
DA:486,12
DA:487,12
DA:491,12
DA:492,12
DA:493,12
DA:494,12
DA:566,192
DA:568,0
DA:569,3
DA:570,0
DA:571,3
DA:572,0
DA:573,0
DA:574,0
DA:575,0
DA:577,12
DA:578,12
DA:579,12
DA:580,12
DA:581,12
DA:582,12
DA:583,12
DA:584,12
DA:585,12
DA:589,0
DA:590,0
DA:592,0
DA:593,0
DA:595,0
DA:596,0
DA:597,0
DA:598,0
DA:602,0
DA:604,0
DA:605,0
DA:606,0
DA:607,0
DA:612,0
DA:614,0
DA:615,0
DA:616,0
DA:618,0
DA:619,0
DA:620,0
DA:621,0
DA:627,0
DA:629,0
DA:633,0
DA:638,0
DA:640,0
DA:643,0
DA:645,0
DA:718,0
DA:725,11253
DA:726,11253
DA:728,36
DA:730,36
DA:731,36
DA:732,36
DA:733,36
DA:734,36
DA:801,0
DA:821,0
DA:835,4
DA:855,2
end_of_record
SF:/mnt/data/github/rtldesignsherpa/projects/components/rapids/rtl/fub_beats/drain_ctrl_beats.sv
DA:38,3300
DA:39,12
DA:42,48
DA:43,12
DA:46,46
DA:47,0
DA:48,36
DA:51,0
DA:52,0
DA:53,0
DA:54,24
DA:55,24
DA:61,12
DA:62,12
DA:68,0
DA:69,0
DA:70,0
DA:71,0
DA:72,0
DA:77,30
DA:96,1656
DA:97,32
DA:99,32
DA:100,32
DA:101,32
DA:117,32
end_of_record
SF:/mnt/data/github/rtldesignsherpa/projects/components/rapids/rtl/fub_beats/latency_bridge_beats.sv
DA:50,338
DA:51,6
DA:57,12
DA:58,14
DA:59,0
DA:65,20
DA:66,6
DA:67,0
DA:72,8
DA:77,12
DA:78,20
DA:86,12
DA:89,12
DA:90,14
DA:91,0
DA:92,8
DA:101,8
DA:130,0
DA:131,8
DA:132,14
DA:137,12
DA:146,66
DA:189,8
DA:190,172
DA:191,172
DA:192,30
DA:193,30
DA:194,30
DA:198,62
DA:199,62
DA:200,62
end_of_record
SF:/mnt/data/github/rtldesignsherpa/projects/components/rapids/rtl/fub_beats/scheduler_beats.sv
DA:81,3696
DA:82,12
DA:85,12
DA:86,0
DA:87,0
DA:88,12
DA:91,20
DA:92,0
DA:95,36
DA:96,20
DA:97,0
DA:98,0
DA:102,8
DA:103,0
DA:104,0
DA:108,8
DA:109,12
DA:110,0
DA:111,0
DA:114,4
DA:115,0
DA:116,4
DA:117,0
DA:120,0
DA:121,0
DA:122,0
DA:125,16
DA:126,12
DA:127,0
DA:135,12
DA:136,12
DA:168,0
DA:169,3
DA:170,0
DA:171,3
DA:172,0
DA:173,0
DA:174,0
DA:175,0
DA:187,0
DA:190,20
DA:191,12
DA:192,8
DA:193,4
DA:194,0
DA:195,0
DA:199,0
DA:204,8
DA:208,0
DA:209,0
DA:210,0
DA:211,0
DA:212,0
DA:217,0
DA:218,0
DA:225,0
DA:226,0
DA:227,0
DA:231,16
DA:232,0
DA:236,20
DA:237,20
DA:238,20
DA:250,131
DA:263,131
DA:272,11253
DA:273,11253
DA:276,0
DA:277,0
DA:278,11253
DA:284,0
DA:285,0
DA:286,0
DA:287,11253
DA:289,11253
DA:290,8859
DA:294,36
DA:295,36
DA:299,36
DA:302,0
DA:303,36
DA:304,0
DA:305,0
DA:309,2250
DA:319,14
DA:320,14
DA:325,12
DA:328,0
DA:329,0
DA:330,12
DA:331,12
DA:335,0
DA:338,0
DA:339,0
DA:344,0
DA:347,0
DA:350,36
DA:352,36
DA:359,12
DA:360,12
DA:361,12
DA:362,12
DA:363,12
DA:364,12
DA:365,12
DA:366,12
DA:478,0
DA:509,4
DA:510,4
DA:608,0
DA:726,0
end_of_record
SF:/mnt/data/github/rtldesignsherpa/projects/components/rapids/rtl/includes/rapids_pkg.sv
DA:184,0
DA:186,0
DA:191,0
DA:193,0
DA:198,0
DA:199,0
DA:204,0
DA:205,0
DA:206,0
DA:207,0
DA:208,0
DA:209,0
DA:210,0
DA:211,0
DA:216,0
DA:218,0
DA:223,0
DA:224,0
DA:228,0
DA:229,0
DA:233,0
DA:234,0
DA:236,0
DA:241,0
DA:242,0
DA:245,0
DA:248,0
DA:253,0
DA:257,0
DA:258,0
DA:260,0
DA:262,0
DA:265,0
DA:269,0
DA:273,0
DA:275,0
DA:283,0
DA:289,0
DA:290,0
DA:291,0
DA:292,0
DA:294,0
DA:295,0
DA:296,0
DA:297,0
DA:298,0
DA:299,0
DA:300,0
DA:301,0
DA:309,0
DA:324,0
DA:327,0
DA:330,0
DA:331,0
DA:332,0
DA:333,0
DA:336,0
DA:339,0
DA:340,0
DA:342,0
DA:343,0
DA:344,0
DA:345,0
DA:346,0
DA:347,0
DA:349,0
DA:350,0
DA:354,0
DA:356,0
DA:357,0
DA:358,0
DA:359,0
DA:360,0
DA:361,0
DA:362,0
DA:364,0
DA:365,0
DA:366,0
DA:367,0
DA:368,0
DA:369,0
DA:371,0
DA:374,0
DA:376,0
DA:377,0
DA:378,0
DA:379,0
DA:380,0
DA:384,0
DA:386,0
DA:390,0
DA:391,0
DA:393,0
DA:394,0
DA:395,0
DA:397,0
DA:398,0
DA:401,0
DA:403,0
DA:405,0
DA:406,0
DA:407,0
DA:409,0
DA:411,0
DA:413,0
DA:414,0
DA:415,0
DA:416,0
DA:417,0
DA:418,0
DA:420,0
DA:423,0
DA:425,0
DA:426,0
DA:427,0
DA:428,0
DA:430,0
DA:435,0
DA:437,0
DA:442,0
DA:443,0
DA:444,0
DA:449,0
DA:450,0
DA:451,0
DA:455,0
end_of_record
SF:/mnt/data/github/rtldesignsherpa/projects/components/rapids/rtl/macro_beats/scheduler_group_array_beats.sv
DA:49,6844
DA:50,12
DA:53,12
DA:54,20
DA:58,12
DA:59,0
DA:62,12
DA:63,0
DA:64,12
DA:65,12
DA:66,12
DA:67,0
DA:70,12
DA:71,12
DA:72,0
DA:73,0
DA:74,12
DA:75,0
DA:76,12
DA:79,12
DA:80,12
DA:81,0
DA:82,12
DA:83,0
DA:84,0
DA:85,12
DA:86,0
DA:87,12
DA:88,12
DA:89,12
DA:90,12
DA:91,12
DA:92,12
DA:93,12
DA:96,24
DA:97,20
DA:98,0
DA:99,0
DA:102,220
DA:103,0
DA:104,0
DA:105,0
DA:106,0
DA:109,112
DA:110,132
DA:111,0
DA:112,0
DA:113,0
DA:114,0
DA:115,0
DA:116,0
DA:117,0
DA:118,0
DA:119,0
DA:120,0
DA:123,132
DA:124,12
DA:125,0
DA:126,0
DA:127,12
DA:128,0
DA:132,8
DA:134,0
DA:138,8
DA:139,12
DA:141,0
DA:144,4
DA:145,0
DA:146,4
DA:147,0
DA:150,0
DA:151,0
DA:154,332
DA:155,12
DA:156,0
DA:164,12
DA:165,12
DA:167,0
DA:168,0
DA:169,0
DA:170,0
DA:171,0
DA:172,0
DA:173,0
DA:174,0
DA:175,0
DA:179,12
DA:180,12
DA:182,0
DA:183,132
DA:184,0
DA:190,28
DA:191,12
DA:198,128
DA:199,12
DA:200,12
DA:201,48
DA:204,128
DA:205,32
DA:206,0
DA:207,0
DA:208,0
DA:209,0
DA:210,0
DA:211,0
DA:212,0
DA:213,0
DA:214,0
DA:215,0
DA:217,132
DA:218,132
DA:219,0
DA:220,0
DA:221,132
DA:222,0
DA:229,0
DA:230,12
DA:231,0
DA:236,0
DA:237,12
DA:362,12
DA:363,12
DA:364,96
DA:369,12
DA:370,12
DA:371,96
DA:376,21072
DA:377,21072
DA:378,21072
DA:379,21072
DA:380,21072
DA:381,21072
DA:382,21072
DA:383,21072
DA:384,21072
DA:385,21072
DA:386,21072
DA:387,21072
DA:389,21072
DA:390,6460
DA:391,6460
DA:392,6460
DA:393,6460
DA:394,6460
DA:395,6460
DA:397,6460
DA:398,6460
DA:399,6460
DA:400,6460
DA:401,6460
DA:402,6460
DA:412,48
DA:416,21072
DA:418,21072
DA:419,21072
DA:420,168576
DA:421,168576
DA:422,168576
DA:423,168576
DA:427,462
DA:428,462
DA:541,12
DA:543,12
DA:544,96
DA:545,96
DA:546,96
DA:550,12
DA:551,12
DA:552,12
end_of_record
SF:/mnt/data/github/rtldesignsherpa/projects/components/rapids/rtl/macro_beats/scheduler_group_beats.sv
DA:43,3696
DA:44,12
DA:47,12
DA:48,20
DA:49,0
DA:52,12
DA:53,0
DA:56,0
DA:57,12
DA:58,12
DA:59,12
DA:60,0
DA:63,12
DA:64,0
DA:65,0
DA:66,0
DA:67,0
DA:68,0
DA:71,24
DA:72,20
DA:73,0
DA:74,0
DA:77,12
DA:78,12
DA:79,0
DA:80,0
DA:81,0
DA:82,0
DA:83,0
DA:84,0
DA:85,0
DA:86,0
DA:87,0
DA:88,0
DA:91,12
DA:92,12
DA:93,0
DA:94,0
DA:95,3
DA:96,0
DA:100,8
DA:101,0
DA:102,0
DA:106,8
DA:107,12
DA:108,0
DA:109,0
DA:112,4
DA:113,0
DA:114,4
DA:115,0
DA:118,0
DA:119,0
DA:122,28
DA:123,12
DA:124,0
DA:134,36
DA:135,20
DA:136,0
DA:137,0
DA:138,0
DA:139,0
DA:140,0
DA:141,0
DA:144,20
DA:151,12
DA:152,12
DA:153,0
DA:155,16
DA:156,12
DA:157,0
end_of_record
SF:/mnt/data/github/rtldesignsherpa/projects/components/rapids/rtl/macro_beats/snk_sram_controller_beats.sv
DA:53,2955
DA:54,9
DA:60,52
DA:61,0
DA:62,2
DA:63,4
DA:69,160
DA:70,9
DA:71,2
DA:72,0
DA:77,0
DA:78,12
DA:79,0
DA:84,16
DA:85,240
DA:86,10
DA:87,0
DA:92,4
DA:93,16
DA:97,9
DA:98,9
DA:107,4
DA:108,6
DA:109,12
DA:111,4
DA:114,7975
DA:115,7975
DA:117,720
DA:118,720
DA:124,9
DA:126,0
DA:127,9
DA:128,0
DA:129,0
DA:135,7975
DA:136,7975
DA:138,720
DA:139,720
DA:145,9
DA:147,0
DA:148,9
DA:149,0
DA:150,0
DA:156,7975
DA:157,7975
DA:159,156
DA:160,156
end_of_record
SF:/mnt/data/github/rtldesignsherpa/projects/components/rapids/rtl/macro_beats/snk_sram_controller_unit_beats.sv
DA:53,20340
DA:54,60
DA:59,52
DA:60,0
DA:61,52
DA:66,160
DA:67,60
DA:68,0
DA:73,0
DA:74,186
DA:75,0
DA:80,172
DA:81,240
DA:82,0
DA:87,160
DA:88,172
DA:99,52
DA:100,0
DA:103,220
DA:104,144
DA:105,0
DA:108,0
DA:111,84
DA:238,960
end_of_record
SF:/mnt/data/github/rtldesignsherpa/projects/components/rapids/rtl/macro_beats/src_sram_controller_beats.sv
DA:53,2955
DA:54,9
DA:60,52
DA:61,0
DA:62,2
DA:63,4
DA:69,160
DA:70,9
DA:71,2
DA:72,0
DA:77,0
DA:78,12
DA:79,0
DA:84,16
DA:85,240
DA:86,10
DA:87,0
DA:92,4
DA:93,16
DA:97,9
DA:98,9
DA:107,4
DA:108,6
DA:109,12
DA:111,4
DA:114,7975
DA:115,7975
DA:117,720
DA:118,720
DA:124,9
DA:126,0
DA:127,9
DA:128,0
DA:129,0
DA:135,7975
DA:136,7975
DA:138,720
DA:139,720
DA:145,9
DA:147,0
DA:148,9
DA:149,0
DA:150,0
DA:156,7975
DA:157,7975
DA:159,156
DA:160,156
end_of_record
SF:/mnt/data/github/rtldesignsherpa/projects/components/rapids/rtl/macro_beats/src_sram_controller_unit_beats.sv
DA:53,20340
DA:54,60
DA:59,52
DA:60,0
DA:61,52
DA:66,160
DA:67,60
DA:68,0
DA:73,0
DA:74,186
DA:75,0
DA:80,172
DA:81,240
DA:82,0
DA:87,160
DA:88,172
DA:99,52
DA:100,0
DA:103,220
DA:104,144
DA:105,0
DA:108,0
DA:111,84
DA:238,960
end_of_record
SF:/mnt/data/github/rtldesignsherpa/rtl/amba/axi4/axi4_master_rd.sv
DA:39,6844
DA:40,12
DA:44,0
DA:45,0
DA:46,0
DA:47,0
DA:48,0
DA:49,0
DA:50,0
DA:51,0
DA:52,0
DA:53,0
DA:54,0
DA:55,128
DA:56,32
DA:59,0
DA:60,0
DA:61,0
DA:62,132
DA:63,0
DA:64,132
DA:65,132
DA:69,0
DA:70,0
DA:71,0
DA:72,0
DA:73,0
DA:74,0
DA:75,0
DA:76,0
DA:77,0
DA:78,0
DA:79,0
DA:80,112
DA:81,132
DA:84,0
DA:85,0
DA:86,0
DA:87,12
DA:88,0
DA:89,132
DA:90,12
DA:93,220
DA:97,0
DA:98,0
DA:99,112
DA:100,132
DA:102,0
DA:104,132
DA:105,132
end_of_record
SF:/mnt/data/github/rtldesignsherpa/rtl/amba/axi4/axi4_master_rd_mon.sv
DA:64,6844
DA:65,12
DA:69,0
DA:70,0
DA:71,0
DA:72,0
DA:73,0
DA:74,0
DA:75,0
DA:76,0
DA:77,0
DA:78,0
DA:79,0
DA:80,128
DA:81,32
DA:84,0
DA:85,0
DA:86,0
DA:87,132
DA:88,0
DA:89,132
DA:90,132
DA:94,0
DA:95,0
DA:96,0
DA:97,0
DA:98,0
DA:99,0
DA:100,0
DA:101,0
DA:102,0
DA:103,0
DA:104,0
DA:105,112
DA:106,132
DA:109,0
DA:110,0
DA:111,0
DA:112,12
DA:113,0
DA:114,132
DA:115,12
DA:118,12
DA:119,12
DA:120,12
DA:121,0
DA:122,0
DA:123,0
DA:126,12
DA:127,0
DA:128,0
DA:129,0
DA:130,0
DA:131,0
DA:132,0
DA:133,0
DA:134,0
DA:137,0
DA:138,12
DA:139,0
DA:142,220
DA:143,0
DA:144,0
DA:145,0
DA:148,0
end_of_record
SF:/mnt/data/github/rtldesignsherpa/rtl/amba/gaxi/gaxi_fifo_sync.sv
DA:40,169
DA:41,3
DA:42,6
DA:43,7
DA:44,0
DA:45,3
DA:46,0
DA:47,10
DA:48,0
DA:54,0
DA:55,0
DA:56,0
DA:57,0
DA:58,0
DA:63,4
DA:207,86
DA:208,9
DA:209,9
DA:217,192
DA:220,3
DA:235,86
DA:236,0
DA:237,0
DA:238,0
DA:240,0
DA:241,0
DA:242,0
end_of_record
SF:/mnt/data/github/rtldesignsherpa/rtl/amba/gaxi/gaxi_skid_buffer.sv
DA:31,3696
DA:32,12
DA:35,0
DA:36,12
DA:37,0
DA:40,0
DA:41,0
DA:42,0
DA:43,0
DA:44,0
DA:47,0
DA:48,0
DA:49,0
DA:50,0
DA:51,0
DA:80,0
DA:96,0
end_of_record
SF:/mnt/data/github/rtldesignsherpa/rtl/amba/includes/monitor_amba4_pkg.sv
DA:463,0
DA:465,0
DA:466,0
DA:469,0
DA:471,0
DA:472,0
DA:475,0
DA:477,0
DA:478,0
DA:481,0
DA:483,0
DA:484,0
DA:487,0
DA:489,0
DA:490,0
DA:493,0
DA:495,0
DA:496,0
DA:499,0
DA:501,0
DA:502,0
DA:506,0
DA:508,0
DA:509,0
DA:512,0
DA:514,0
DA:515,0
DA:518,0
DA:520,0
DA:521,0
DA:524,0
DA:526,0
DA:527,0
DA:530,0
DA:532,0
DA:533,0
DA:536,0
DA:538,0
DA:539,0
DA:543,0
DA:545,0
DA:546,0
DA:549,0
DA:551,0
DA:552,0
DA:555,0
DA:557,0
DA:558,0
DA:561,0
DA:563,0
DA:564,0
DA:567,0
DA:569,0
DA:570,0
DA:573,0
DA:575,0
DA:576,0
DA:641,0
DA:642,0
DA:643,0
DA:644,0
DA:645,0
DA:646,0
DA:647,0
DA:648,0
DA:649,0
DA:650,0
DA:651,0
DA:652,0
DA:653,0
DA:654,0
DA:655,0
DA:656,0
DA:657,0
DA:658,0
DA:659,0
DA:664,0
DA:669,0
DA:670,0
DA:671,0
DA:672,0
DA:673,0
DA:674,0
DA:675,0
DA:676,0
DA:677,0
DA:678,0
DA:679,0
DA:682,0
DA:683,0
DA:684,0
DA:685,0
DA:686,0
DA:687,0
DA:688,0
DA:689,0
DA:690,0
DA:693,0
DA:694,0
DA:695,0
DA:696,0
DA:697,0
DA:698,0
DA:699,0
DA:700,0
DA:701,0
DA:704,0
end_of_record
SF:/mnt/data/github/rtldesignsherpa/rtl/amba/includes/monitor_common_pkg.sv
DA:75,12
DA:76,12
DA:79,0
DA:80,0
DA:83,12
DA:84,12
DA:87,0
DA:88,0
DA:91,0
DA:92,0
DA:95,0
DA:96,0
DA:99,21072
DA:100,21072
DA:103,933
DA:112,933
DA:189,0
DA:190,0
DA:191,0
DA:192,0
DA:193,0
DA:194,0
DA:195,0
DA:196,0
DA:197,0
DA:198,0
DA:199,0
DA:200,0
DA:201,0
DA:202,0
DA:206,0
DA:207,0
DA:208,0
DA:209,0
DA:210,0
DA:211,0
DA:212,0
DA:213,0
end_of_record
SF:/mnt/data/github/rtldesignsherpa/rtl/amba/shared/axi_monitor_base.sv
DA:64,6844
DA:65,12
DA:68,0
DA:69,0
DA:70,0
DA:71,0
DA:72,0
DA:73,112
DA:74,132
DA:77,0
DA:78,12
DA:79,0
DA:80,132
DA:81,12
DA:84,0
DA:85,0
DA:86,132
DA:87,12
DA:90,0
DA:91,12
DA:92,12
DA:93,12
DA:96,12
DA:97,12
DA:98,0
DA:99,12
DA:100,0
DA:101,0
DA:104,0
DA:105,0
DA:108,0
DA:109,0
DA:112,132
DA:113,12
DA:114,0
DA:117,0
DA:118,112
DA:119,0
DA:131,0
DA:134,0
DA:135,0
DA:136,0
DA:139,48
DA:142,0
DA:145,0
DA:146,0
DA:149,132
DA:150,0
DA:151,0
DA:152,0
DA:155,0
DA:156,0
DA:258,21072
DA:259,408
DA:260,408
DA:261,408
DA:262,0
DA:263,0
DA:264,0
DA:265,20664
DA:266,20664
DA:267,20664
end_of_record
SF:/mnt/data/github/rtldesignsherpa/rtl/amba/shared/axi_monitor_filtered.sv
DA:60,6844
DA:61,12
DA:64,0
DA:65,0
DA:66,0
DA:67,0
DA:68,0
DA:69,112
DA:70,132
DA:73,0
DA:74,12
DA:75,0
DA:76,132
DA:77,12
DA:80,0
DA:81,0
DA:82,132
DA:83,12
DA:86,0
DA:87,12
DA:88,12
DA:89,12
DA:90,12
DA:91,12
DA:92,0
DA:93,12
DA:94,0
DA:95,0
DA:96,0
DA:97,0
DA:98,0
DA:99,0
DA:102,12
DA:103,0
DA:104,0
DA:105,0
DA:106,0
DA:107,0
DA:108,0
DA:109,0
DA:110,0
DA:113,0
DA:114,12
DA:115,0
DA:118,0
DA:119,112
DA:120,0
DA:123,0
DA:131,132
DA:132,12
DA:133,0
DA:136,0
DA:137,0
DA:138,0
DA:139,0
DA:142,132
DA:143,0
DA:146,0
DA:147,0
DA:148,0
DA:236,21072
DA:237,21072
DA:238,21072
DA:241,408
DA:244,0
DA:247,408
DA:250,0
DA:251,0
DA:252,0
DA:253,0
DA:254,0
DA:255,0
DA:256,0
DA:257,0
DA:258,0
DA:259,0
DA:263,0
DA:264,0
DA:268,0
DA:270,0
end_of_record
SF:/mnt/data/github/rtldesignsherpa/rtl/amba/shared/axi_monitor_reporter.sv
DA:43,6844
DA:44,12
DA:50,0
DA:53,12
DA:54,12
DA:55,0
DA:56,12
DA:57,0
DA:58,0
DA:61,12
DA:62,132
DA:63,0
DA:66,0
DA:69,0
DA:70,0
DA:73,0
DA:74,0
DA:77,0
DA:84,0
DA:93,436
DA:94,0
DA:95,0
DA:96,0
DA:97,0
DA:102,0
DA:103,0
DA:106,0
DA:110,0
DA:111,0
DA:118,0
DA:129,132
DA:130,12
DA:131,0
DA:132,156
DA:133,132
DA:134,0
DA:135,0
DA:158,0
DA:159,0
DA:160,0
DA:161,0
DA:164,0
DA:165,0
DA:166,0
DA:167,0
DA:168,0
DA:169,0
DA:170,0
DA:171,0
DA:172,132
DA:175,0
DA:176,0
DA:177,0
DA:180,0
DA:181,0
DA:184,0
DA:185,0
DA:186,0
DA:189,0
DA:190,0
DA:193,0
DA:194,0
DA:195,0
DA:198,21072
DA:199,21072
DA:200,21072
DA:201,21072
DA:205,21072
DA:206,0
DA:208,0
DA:209,0
DA:214,21072
DA:215,0
DA:217,0
DA:219,0
DA:225,21072
DA:226,21072
DA:227,21072
DA:228,21072
DA:232,21072
DA:233,0
DA:235,0
DA:236,0
DA:241,21072
DA:242,0
DA:244,0
DA:246,0
DA:252,21072
DA:253,21072
DA:254,21072
DA:255,21072
DA:258,21072
DA:259,436
DA:260,436
DA:261,436
DA:266,21072
DA:267,436
DA:269,436
DA:271,436
DA:277,21072
DA:278,21072
DA:279,21072
DA:282,0
DA:283,0
DA:284,0
DA:285,0
DA:286,0
DA:287,0
DA:288,0
DA:289,0
DA:290,0
DA:291,0
DA:292,0
DA:293,0
DA:294,436
DA:295,436
DA:296,436
DA:297,436
DA:298,436
DA:299,436
DA:307,21072
DA:308,21072
DA:309,21072
DA:310,21072
DA:312,21072
DA:313,9208
DA:314,436
DA:317,436
DA:319,436
DA:321,0
DA:322,0
DA:323,0
DA:324,0
DA:325,436
DA:333,21072
DA:334,21072
DA:336,21072
DA:337,7560
DA:339,7560
DA:340,7560
DA:345,21072
DA:346,21072
DA:347,21072
DA:348,21072
DA:353,21072
DA:354,21072
DA:355,21072
DA:356,21072
DA:357,21072
DA:359,0
DA:360,0
DA:361,0
DA:362,0
DA:363,0
DA:364,0
DA:365,0
DA:368,0
DA:369,0
DA:375,0
DA:376,0
DA:378,0
DA:380,0
DA:387,21072
DA:388,21072
DA:390,0
DA:391,0
DA:392,0
DA:393,0
DA:394,0
DA:395,0
DA:396,0
DA:402,21072
DA:403,21072
DA:404,21072
DA:405,21072
DA:407,0
DA:408,0
DA:409,0
DA:410,0
DA:412,0
DA:413,0
DA:415,0
DA:416,0
DA:418,0
DA:419,0
DA:420,0
DA:421,0
DA:424,0
DA:425,0
DA:426,0
DA:427,0
DA:430,0
DA:551,0
DA:555,12
DA:565,12
DA:566,12
DA:567,12
DA:568,12
DA:569,12
DA:570,12
DA:573,12
end_of_record
SF:/mnt/data/github/rtldesignsherpa/rtl/amba/shared/axi_monitor_timeout.sv
DA:39,6844
DA:40,12
DA:46,48
DA:49,12
DA:50,12
DA:51,12
DA:54,12
DA:57,0
DA:64,0
DA:152,0
end_of_record
SF:/mnt/data/github/rtldesignsherpa/rtl/amba/shared/axi_monitor_timer.sv
DA:29,6844
DA:30,12
DA:33,0
DA:36,48
DA:37,0
DA:41,0
DA:45,48
DA:56,192
end_of_record
SF:/mnt/data/github/rtldesignsherpa/rtl/amba/shared/axi_monitor_trans_mgr.sv
DA:46,6844
DA:47,12
DA:50,112
DA:51,132
DA:52,0
DA:53,0
DA:54,0
DA:55,0
DA:56,0
DA:59,132
DA:60,12
DA:61,0
DA:62,12
DA:63,0
DA:66,132
DA:67,12
DA:68,0
DA:69,0
DA:72,0
DA:75,0
DA:79,0
DA:82,0
DA:91,0
DA:95,0
DA:111,0
DA:114,0
DA:121,21072
DA:123,21072
DA:124,21072
DA:125,6620
DA:126,6620
DA:127,6620
DA:132,21072
DA:133,21072
DA:134,21072
DA:135,21072
DA:141,21072
DA:145,0
DA:147,21072
DA:148,21072
DA:149,2152
DA:150,2152
DA:151,2152
DA:154,0
DA:156,0
DA:157,0
DA:158,0
DA:162,0
DA:163,0
DA:169,21072
DA:170,21072
DA:171,21072
DA:172,21072
DA:177,0
DA:178,0
DA:179,0
DA:180,0
DA:181,0
DA:182,0
DA:186,0
DA:187,0
DA:188,0
DA:189,0
DA:192,21072
DA:194,21072
DA:195,21072
DA:199,21072
DA:200,9278
DA:201,9278
DA:202,1702
DA:204,1702
DA:206,0
DA:208,0
DA:210,7576
DA:211,7576
DA:214,327874
DA:215,327874
DA:246,66
DA:334,12
DA:458,0
end_of_record
SF:/mnt/data/github/rtldesignsherpa/rtl/amba/shared/monbus_arbiter.sv
DA:59,3696
DA:60,12
DA:63,0
DA:66,0
DA:67,12
DA:68,0
DA:71,54
DA:72,12
DA:73,0
DA:76,54
DA:77,0
DA:78,0
DA:79,0
DA:93,0
DA:94,0
DA:95,0
DA:101,54
DA:102,12
DA:103,0
DA:143,0
DA:144,0
DA:147,12
DA:148,12
DA:149,24
DA:155,12
DA:156,12
DA:157,24
DA:187,12
DA:188,12
DA:189,24
DA:198,11253
DA:199,11253
DA:200,11253
DA:202,162
DA:203,162
DA:246,1854
DA:247,1827
DA:254,1854
DA:255,1827
DA:262,0
DA:263,0
DA:264,0
DA:265,0
end_of_record
SF:/mnt/data/github/rtldesignsherpa/rtl/common/arbiter_priority_encoder.sv
DA:206,0
DA:207,0
DA:208,32
DA:210,0
DA:211,36
DA:215,0
DA:241,0
DA:242,0
DA:243,0
DA:244,0
DA:245,0
DA:246,0
DA:247,0
DA:248,0
DA:249,0
DA:250,0
DA:251,0
DA:328,11253
DA:329,11253
DA:330,11253
DA:333,11253
DA:334,324
DA:335,324
DA:336,324
end_of_record
SF:/mnt/data/github/rtldesignsherpa/rtl/common/arbiter_round_robin.sv
DA:278,3696
DA:279,12
DA:280,0
DA:281,0
DA:282,0
DA:283,54
DA:284,0
DA:285,0
DA:286,0
DA:293,0
DA:294,0
DA:310,0
DA:311,54
DA:312,54
DA:313,0
DA:319,0
DA:320,0
DA:321,0
DA:322,36
DA:323,32
DA:324,18
DA:341,0
DA:342,36
DA:358,54
DA:359,12
DA:360,0
DA:384,36
DA:385,0
DA:386,0
DA:387,36
DA:393,11253
DA:394,11253
DA:395,11253
DA:397,324
DA:398,324
DA:399,324
DA:481,0
end_of_record
SF:/mnt/data/github/rtldesignsherpa/rtl/common/counter_bin.sv
DA:167,676
DA:168,5
DA:169,20
DA:170,0
DA:171,0
DA:175,5
DA:179,2064
DA:180,117
DA:182,0
DA:184,0
DA:187,117
DA:188,1434
DA:190,1434
DA:200,80
end_of_record
SF:/mnt/data/github/rtldesignsherpa/rtl/common/counter_freq_invariant.sv
DA:242,6844
DA:243,12
DA:244,12
DA:245,0
DA:246,24
DA:247,48
DA:251,0
DA:254,0
DA:255,24
DA:258,72
DA:262,12
DA:263,12
DA:265,0
DA:266,12
DA:267,0
DA:268,0
DA:269,0
DA:270,0
DA:271,0
DA:272,0
DA:273,0
DA:274,0
DA:275,0
DA:276,0
DA:277,0
DA:278,0
DA:279,0
DA:280,0
DA:283,0
DA:284,0
DA:285,0
DA:286,0
DA:287,0
DA:288,0
DA:289,0
DA:290,0
DA:291,0
DA:292,0
DA:293,0
DA:294,0
DA:295,0
DA:296,0
DA:297,0
DA:298,0
DA:301,0
DA:302,0
DA:303,0
DA:304,0
DA:305,0
DA:306,0
DA:307,0
DA:308,0
DA:309,0
DA:310,0
DA:311,0
DA:312,0
DA:313,0
DA:314,0
DA:315,0
DA:316,0
DA:319,0
DA:320,0
DA:321,0
DA:322,0
DA:323,0
DA:324,0
DA:325,0
DA:326,0
DA:327,0
DA:328,0
DA:331,0
DA:332,0
DA:333,0
DA:334,0
DA:335,0
DA:336,0
DA:337,0
DA:338,0
DA:339,0
DA:340,0
DA:343,0
DA:361,192
DA:405,24
end_of_record
SF:/mnt/data/github/rtldesignsherpa/rtl/common/counter_load_clear.sv
DA:197,6844
DA:198,12
DA:199,24
DA:200,12
DA:201,12
DA:202,0
DA:203,0
DA:204,72
DA:207,0
DA:227,0
end_of_record
SF:/mnt/data/github/rtldesignsherpa/rtl/common/fifo_control.sv
DA:106,338
DA:107,6
DA:108,338
DA:109,6
DA:111,0
DA:112,0
DA:113,0
DA:114,0
DA:115,0
DA:116,0
DA:117,0
DA:118,14
DA:119,12
DA:129,0
DA:130,0
DA:131,0
DA:132,12
DA:134,0
DA:153,172
DA:154,66
DA:155,66
DA:156,66
DA:157,106
DA:158,106
DA:159,106
DA:165,0
DA:166,0
DA:179,192
DA:209,0
DA:217,172
DA:218,66
DA:219,66
DA:220,66
DA:221,66
DA:222,106
DA:223,106
DA:224,106
DA:225,106
end_of_record
