TN:verilator_coverage
SF:/mnt/data/github/rtldesignsherpa/rtl/common/arbiter_priority_encoder.sv
DA:206,0
DA:207,1
DA:208,16
DA:210,1
DA:211,34
DA:215,1
DA:227,0
DA:228,0
DA:229,0
DA:230,0
DA:231,0
DA:232,0
DA:233,0
DA:241,0
DA:242,0
DA:243,0
DA:244,0
DA:245,0
DA:246,0
DA:247,0
DA:248,0
DA:249,0
DA:250,0
DA:251,0
DA:259,66
DA:260,66
DA:261,14
DA:262,8
DA:263,4
DA:264,4
DA:265,4
DA:266,2
DA:267,2
DA:268,4
DA:269,2
DA:270,2
DA:271,2
DA:272,2
DA:273,2
DA:274,2
DA:275,2
DA:276,5
DA:277,5
DA:286,98
DA:287,98
DA:288,14
DA:289,8
DA:290,4
DA:291,4
DA:292,4
DA:293,2
DA:294,2
DA:295,4
DA:296,2
DA:297,2
DA:298,2
DA:299,2
DA:300,2
DA:301,2
DA:302,2
DA:303,4
DA:304,2
DA:305,2
DA:306,2
DA:307,2
DA:308,2
DA:309,2
DA:310,2
DA:311,2
DA:312,2
DA:313,2
DA:314,2
DA:315,2
DA:316,2
DA:317,2
DA:318,2
DA:319,3
DA:320,5
DA:328,250
DA:329,250
DA:330,250
DA:333,250
DA:334,231
DA:335,231
DA:336,231
end_of_record
SF:/mnt/data/github/rtldesignsherpa/rtl/common/arbiter_round_robin.sv
DA:278,42013
DA:279,1
DA:280,16
DA:281,3178
DA:282,0
DA:283,5523
DA:284,382
DA:285,1654
DA:286,382
DA:293,0
DA:294,0
DA:310,1654
DA:311,5522
DA:312,0
DA:313,0
DA:319,3046
DA:320,54
DA:321,3046
DA:322,7672
DA:323,7998
DA:324,80
DA:341,2856
DA:342,7672
DA:358,0
DA:359,1
DA:360,0
DA:384,7672
DA:385,722
DA:386,2856
DA:387,7672
DA:393,125868
DA:394,125868
DA:395,125868
DA:397,39223
DA:398,84107
DA:399,84107
DA:481,0
end_of_record
SF:/mnt/data/github/rtldesignsherpa/rtl/common/arbiter_round_robin_simple.sv
DA:29,60363
DA:30,7
DA:31,1040
DA:32,9990
DA:33,428
DA:34,2524
DA:39,1868
DA:44,2524
DA:45,1722
DA:46,78
DA:47,428
DA:48,9990
DA:51,1450
DA:55,180928
DA:56,27099
DA:57,27099
DA:58,153829
DA:59,153829
DA:62,180928
DA:65,27099
DA:66,27099
DA:67,153829
DA:68,153829
DA:77,79488
DA:78,79488
DA:79,79488
DA:80,54309
DA:94,84
end_of_record
SF:/mnt/data/github/rtldesignsherpa/rtl/common/arbiter_round_robin_weighted.sv
DA:292,590883
DA:293,7
DA:294,14
DA:295,2
DA:297,3696
DA:298,0
DA:300,74759
DA:301,2898
DA:302,21759
DA:333,376
DA:334,10
DA:340,4
DA:341,376
DA:342,169473
DA:410,0
DA:413,1
DA:417,2
DA:418,273
DA:419,5
DA:420,6
DA:421,110
DA:422,2
DA:423,4
DA:424,4224
DA:440,0
DA:441,1669
DA:442,37364
DA:443,126
DA:444,7733
DA:445,17346
DA:448,0
DA:449,2898
DA:451,126
DA:452,12894
DA:461,1344
DA:463,6487988
DA:464,384
DA:465,6487988
DA:466,2197088
DA:467,6487988
DA:468,2197088
DA:469,568250
DA:470,2197088
DA:471,568250
DA:472,198960
DA:474,198960
DA:475,215763
DA:477,215763
DA:478,17840
DA:480,1344
DA:481,5152
DA:482,1344
DA:483,384
DA:484,4768
DA:485,384
DA:486,384
DA:487,24884
DA:489,24884
DA:490,7216
DA:492,7216
DA:501,1769
DA:502,1641
DA:503,31856
DA:504,7739
DA:505,7679
DA:506,336
DA:509,96
DA:524,336
DA:527,96
DA:536,41082
DA:538,673194
DA:539,19151
DA:540,673194
DA:541,0
DA:542,0
DA:543,0
DA:544,0
DA:545,0
DA:555,4468
DA:556,4460
DA:557,196
DA:558,3572
DA:559,2898
DA:560,684
DA:561,7496
DA:562,3572
DA:563,26266
DA:565,7496
DA:566,12260
DA:567,1222466
DA:568,1222466
DA:569,549272
DA:570,549272
DA:571,549272
DA:572,1043487
DA:573,1043487
DA:604,278
DA:607,112
end_of_record
SF:/mnt/data/github/rtldesignsherpa/rtl/common/bin2gray.sv
DA:298,9806
DA:299,9856
end_of_record
SF:/mnt/data/github/rtldesignsherpa/rtl/common/bin_to_bcd.sv
DA:73,245061
DA:74,37
DA:75,3126
DA:76,244
DA:77,0
DA:78,3108
DA:90,3108
DA:93,0
DA:96,1584
DA:100,25852
DA:105,1024
DA:107,18786
DA:108,3108
DA:189,0
DA:192,12
end_of_record
SF:/mnt/data/github/rtldesignsherpa/rtl/common/cam_tag.sv
DA:82,431
DA:83,1
DA:84,44
DA:85,66
DA:86,32
DA:87,60
DA:88,30
DA:89,9
DA:90,6
DA:91,28
DA:94,0
DA:95,4
DA:101,0
DA:102,0
DA:103,0
DA:104,0
DA:105,0
DA:110,1483
DA:111,1483
DA:112,1483
DA:113,432
DA:114,432
DA:119,1483
DA:120,1483
DA:121,1483
DA:122,357
DA:123,357
DA:143,11
DA:154,0
end_of_record
SF:/mnt/data/github/rtldesignsherpa/rtl/common/clock_divider.sv
DA:265,6075
DA:266,207
DA:267,0
DA:268,144
DA:271,0
DA:279,23
DA:280,23
DA:293,184
DA:298,88
DA:299,88
DA:315,704
end_of_record
SF:/mnt/data/github/rtldesignsherpa/rtl/common/clock_gate_ctrl.sv
DA:239,5685
DA:240,3
DA:241,20
DA:242,0
DA:243,239
DA:246,3671
DA:247,200
DA:254,0
DA:270,12
DA:274,200
end_of_record
SF:/mnt/data/github/rtldesignsherpa/rtl/common/clock_pulse.sv
DA:23,786
DA:24,42
DA:25,56
DA:28,0
DA:29,0
DA:44,28
end_of_record
SF:/mnt/data/github/rtldesignsherpa/rtl/common/count_leading_zeros.sv
DA:250,0
DA:251,0
DA:256,390
DA:259,390
DA:260,390
DA:261,390
DA:262,390
DA:263,957
DA:264,957
DA:265,3723
DA:266,3723
DA:273,390
DA:274,390
end_of_record
SF:/mnt/data/github/rtldesignsherpa/rtl/common/counter_bin.sv
DA:167,997
DA:168,49
DA:169,49
DA:170,0
DA:171,0
DA:175,0
DA:179,2853
DA:180,847
DA:182,119
DA:184,119
DA:187,1887
DA:188,847
DA:190,847
DA:200,56
end_of_record
SF:/mnt/data/github/rtldesignsherpa/rtl/common/counter_bingray.sv
DA:389,1150
DA:390,42
DA:391,42
DA:392,0
DA:393,0
DA:394,0
DA:397,0
DA:404,596
DA:405,66
DA:406,66
DA:407,66
DA:408,530
DA:409,530
DA:410,530
end_of_record
SF:/mnt/data/github/rtldesignsherpa/rtl/common/counter_johnson.sv
DA:23,703
DA:24,35
DA:25,35
DA:26,5
DA:34,40
end_of_record
SF:/mnt/data/github/rtldesignsherpa/rtl/common/counter_load_clear.sv
DA:197,804
DA:198,60
DA:199,8
DA:200,64
DA:201,64
DA:202,0
DA:203,0
DA:204,92
DA:207,0
DA:227,4
end_of_record
SF:/mnt/data/github/rtldesignsherpa/rtl/common/counter_ring.sv
DA:24,633
DA:25,45
DA:26,25
DA:27,6
DA:39,40
end_of_record
SF:/mnt/data/github/rtldesignsherpa/rtl/common/dataint_checksum.sv
DA:24,5350
DA:25,162
DA:26,12
DA:27,1076
DA:28,62
DA:29,30
DA:32,30
DA:38,6
end_of_record
SF:/mnt/data/github/rtldesignsherpa/rtl/common/dataint_crc.sv
DA:248,0
DA:249,1
DA:250,0
DA:251,1498
DA:252,2
DA:253,472
DA:254,472
DA:255,472
DA:256,188
DA:257,206
DA:268,206
DA:269,0
DA:270,188
DA:271,438
DA:272,206
DA:296,5212
DA:297,5212
DA:298,5212
DA:299,1652
DA:300,1652
DA:310,22
DA:357,22
DA:364,188
DA:371,438
end_of_record
SF:/mnt/data/github/rtldesignsherpa/rtl/common/dataint_crc_xor_shift.sv
DA:22,2850
DA:23,0
DA:24,1840
DA:25,3102
DA:28,3791
end_of_record
SF:/mnt/data/github/rtldesignsherpa/rtl/common/dataint_crc_xor_shift_cascade.sv
DA:23,206
DA:24,0
DA:25,188
DA:26,438
DA:29,229
end_of_record
SF:/mnt/data/github/rtldesignsherpa/rtl/common/dataint_ecc_hamming_encode_secded.sv
DA:146,1
DA:147,1
DA:153,1
DA:157,44
DA:159,44
DA:160,44
DA:161,44
DA:162,11
DA:164,44
DA:166,0
DA:171,33
DA:173,33
DA:174,33
DA:175,33
DA:176,132
DA:179,0
DA:180,33
DA:188,0
DA:189,11
DA:191,11
DA:194,11
DA:196,44
DA:201,11
DA:202,33
DA:203,0
DA:204,33
DA:205,33
DA:206,33
DA:207,132
DA:208,132
DA:209,132
DA:215,11
DA:218,11
end_of_record
SF:/mnt/data/github/rtldesignsherpa/rtl/common/dataint_parity.sv
DA:70,12
DA:71,1
DA:72,20
DA:73,23
DA:74,16
end_of_record
SF:/mnt/data/github/rtldesignsherpa/rtl/common/debounce.sv
DA:82,8230
DA:83,186
DA:84,3800
DA:85,54
DA:86,36
DA:89,12
DA:90,36
DA:105,222
DA:110,18
DA:111,18
DA:114,42
DA:125,222
end_of_record
SF:/mnt/data/github/rtldesignsherpa/rtl/common/decoder.sv
DA:225,5
DA:226,4
end_of_record
SF:/mnt/data/github/rtldesignsherpa/rtl/common/encoder.sv
DA:237,10
DA:238,7
DA:240,0
DA:241,0
DA:242,0
DA:243,0
end_of_record
SF:/mnt/data/github/rtldesignsherpa/rtl/common/encoder_priority_enable.sv
DA:21,79
DA:22,203
DA:23,75
DA:26,198
DA:28,1177
DA:30,1177
DA:31,1177
DA:33,462
DA:35,715
DA:36,694
DA:37,694
DA:38,694
end_of_record
SF:/mnt/data/github/rtldesignsherpa/rtl/common/fifo_async.sv
DA:630,7498
DA:631,36
DA:632,7801
DA:633,36
DA:636,504
DA:637,0
DA:638,8
DA:639,156
DA:642,484
DA:643,0
DA:644,466
DA:645,60
DA:656,124
DA:657,60
DA:658,60
DA:659,60
DA:660,60
DA:661,70
DA:664,0
DA:849,3751
DA:850,252
DA:851,252
DA:860,165
DA:864,2
DA:886,3751
DA:887,0
DA:888,0
DA:889,0
DA:893,3901
DA:894,0
DA:895,0
DA:896,0
DA:897,0
DA:899,0
end_of_record
SF:/mnt/data/github/rtldesignsherpa/rtl/common/fifo_async_div2.sv
DA:472,8210
DA:473,36
DA:474,8544
DA:475,36
DA:478,696
DA:479,0
DA:480,14
DA:481,24
DA:484,650
DA:485,0
DA:486,584
DA:487,78
DA:500,112
DA:503,56
DA:504,56
DA:507,56
DA:508,56
DA:509,68
DA:512,0
DA:722,4107
DA:723,348
DA:724,348
DA:732,164
DA:735,2
DA:757,4107
DA:758,0
DA:759,0
DA:760,0
DA:764,4273
DA:765,0
DA:766,0
DA:767,0
DA:768,0
DA:770,0
end_of_record
SF:/mnt/data/github/rtldesignsherpa/rtl/common/fifo_control.sv
DA:106,3746
DA:107,18
DA:108,3892
DA:109,18
DA:111,84
DA:112,28
DA:113,28
DA:114,28
DA:115,0
DA:116,2
DA:117,6
DA:118,232
DA:119,30
DA:129,112
DA:130,56
DA:131,6
DA:132,24
DA:134,0
DA:153,1882
DA:154,169
DA:155,169
DA:156,169
DA:157,1712
DA:158,1712
DA:159,1712
DA:165,28
DA:166,56
DA:179,164
DA:209,0
DA:217,1952
DA:218,169
DA:219,169
DA:220,169
DA:221,169
DA:222,1780
DA:223,1780
DA:224,1780
DA:225,1780
end_of_record
SF:/mnt/data/github/rtldesignsherpa/rtl/common/fifo_sync.sv
DA:322,115512
DA:323,322
DA:324,11188
DA:325,206
DA:326,346
DA:327,350
DA:328,9674
DA:329,140
DA:330,7162
DA:331,1934
DA:341,894
DA:342,446
DA:343,670
DA:346,140
DA:482,57761
DA:483,5594
DA:484,5594
DA:493,1474
DA:496,5
DA:518,57761
DA:519,0
DA:520,0
DA:521,0
DA:525,57761
DA:526,0
DA:527,0
DA:528,0
DA:529,0
DA:531,0
end_of_record
SF:/mnt/data/github/rtldesignsherpa/rtl/common/find_first_set.sv
DA:66,56
DA:67,4
DA:70,7
DA:72,5327
DA:73,5327
DA:74,5327
DA:76,5327
DA:77,5221
DA:78,5221
DA:79,5221
end_of_record
SF:/mnt/data/github/rtldesignsherpa/rtl/common/find_last_set.sv
DA:66,56
DA:67,19
DA:70,7
DA:72,5327
DA:73,5327
DA:74,5327
DA:76,5327
DA:77,5221
DA:78,5221
DA:79,5221
end_of_record
SF:/mnt/data/github/rtldesignsherpa/rtl/common/glitch_free_n_dff_arn.sv
DA:321,15299
DA:322,72
DA:323,112
DA:324,112
DA:332,112
DA:346,650
DA:353,112
end_of_record
SF:/mnt/data/github/rtldesignsherpa/rtl/common/gray2bin.sv
DA:403,120
DA:404,120
end_of_record
SF:/mnt/data/github/rtldesignsherpa/rtl/common/grayj2bin.sv
DA:303,5324
DA:304,36
DA:305,56
DA:306,56
DA:312,56
DA:313,4
DA:314,0
DA:315,32
DA:316,26
DA:317,28
DA:335,21524
DA:336,636
DA:337,636
DA:338,8431
DA:340,8431
DA:341,10185
DA:343,10185
end_of_record
SF:/mnt/data/github/rtldesignsherpa/rtl/common/icg.sv
DA:20,203
DA:21,5685
DA:22,3671
DA:25,199
DA:28,17401
DA:29,5688
DA:30,5688
end_of_record
SF:/mnt/data/github/rtldesignsherpa/rtl/common/leading_one_trailing_one.sv
DA:71,56
DA:72,56
DA:73,8
DA:74,4
DA:75,2
DA:76,32
DA:77,26
DA:78,28
DA:98,21524
DA:99,21524
DA:100,21524
DA:103,424
DA:104,0
DA:105,20461
DA:108,0
DA:109,20461
end_of_record
SF:/mnt/data/github/rtldesignsherpa/rtl/common/math_adder_carry_lookahead.sv
DA:22,1
DA:23,31
DA:24,511
DA:25,161
DA:26,95
DA:29,15
DA:30,95
end_of_record
SF:/mnt/data/github/rtldesignsherpa/rtl/common/math_adder_carry_save.sv
DA:20,1
DA:21,3
DA:22,7
DA:23,5
DA:24,3
end_of_record
SF:/mnt/data/github/rtldesignsherpa/rtl/common/math_adder_carry_save_nbit.sv
DA:21,1
DA:22,31
DA:23,0
DA:24,30
DA:25,15
end_of_record
SF:/mnt/data/github/rtldesignsherpa/rtl/common/math_adder_full.sv
DA:20,2
DA:21,2
DA:22,2
DA:23,10
DA:24,0
end_of_record
SF:/mnt/data/github/rtldesignsherpa/rtl/common/math_adder_full_nbit.sv
DA:21,1
DA:22,31
DA:23,511
DA:24,33
DA:25,31
DA:28,31
end_of_record
SF:/mnt/data/github/rtldesignsherpa/rtl/common/math_adder_half.sv
DA:19,2
DA:20,6
DA:21,4
DA:22,2
end_of_record
SF:/mnt/data/github/rtldesignsherpa/rtl/common/math_adder_han_carlson_016.sv
DA:24,0
DA:25,0
DA:26,0
DA:27,0
DA:28,0
DA:32,0
DA:46,0
DA:47,0
DA:48,0
DA:49,0
DA:50,0
end_of_record
SF:/mnt/data/github/rtldesignsherpa/rtl/common/math_adder_han_carlson_048.sv
DA:24,2
DA:25,845
DA:26,847
DA:27,0
DA:28,8090
DA:32,0
DA:46,0
DA:47,0
DA:48,0
DA:49,0
DA:50,0
DA:51,0
DA:52,847
end_of_record
SF:/mnt/data/github/rtldesignsherpa/rtl/common/math_adder_kogge_stone_nbit.sv
DA:21,0
DA:22,0
DA:23,0
DA:24,0
DA:29,0
DA:38,0
DA:39,1
DA:41,1
DA:42,1
DA:43,1
DA:44,3
DA:45,3
end_of_record
SF:/mnt/data/github/rtldesignsherpa/rtl/common/math_adder_ripple_carry.sv
DA:22,1
DA:23,31
DA:24,511
DA:25,33
DA:26,31
DA:29,31
end_of_record
SF:/mnt/data/github/rtldesignsherpa/rtl/common/math_addsub_full_nbit.sv
DA:21,1
DA:22,31
DA:23,511
DA:24,240
DA:25,241
DA:28,223
DA:29,256
end_of_record
SF:/mnt/data/github/rtldesignsherpa/rtl/common/math_bf16_adder.sv
DA:44,0
DA:45,1
DA:46,0
DA:47,1
DA:48,1
DA:49,0
DA:50,0
DA:51,0
DA:52,0
DA:53,1
DA:74,0
DA:75,0
DA:76,0
DA:79,1
DA:80,1
DA:81,2
DA:84,0
DA:85,0
DA:86,0
DA:87,0
DA:88,0
DA:89,0
DA:90,0
DA:91,6
DA:94,0
DA:95,0
DA:98,1
DA:99,5
DA:102,6
DA:103,0
DA:104,0
DA:108,0
DA:109,5
DA:110,0
DA:111,8
DA:112,5
DA:115,0
DA:119,6
DA:120,5
DA:121,1
DA:122,0
DA:123,2
DA:124,5
DA:125,1
DA:126,0
DA:129,1
DA:132,6
DA:139,1
DA:140,0
DA:141,0
DA:142,0
DA:143,0
DA:144,0
DA:145,0
DA:193,1
DA:194,1
DA:195,1
DA:196,1
DA:197,1
DA:198,1
DA:199,1
DA:200,1
DA:201,1
DA:202,1
DA:203,1
DA:204,1
DA:205,1
DA:206,1
DA:207,1
DA:208,1
DA:209,1
DA:210,1
DA:211,1
DA:212,1
DA:224,0
DA:225,0
DA:229,0
DA:230,0
DA:248,1
DA:249,6
DA:251,390
DA:253,103
DA:255,103
DA:256,287
DA:257,287
DA:259,390
DA:263,0
DA:264,6
DA:270,1
DA:271,0
DA:272,0
DA:273,0
DA:274,1
DA:275,0
DA:276,6
DA:318,1
DA:319,1
DA:320,1
DA:321,1
DA:322,1
DA:323,1
DA:324,1
DA:325,1
DA:326,1
DA:327,1
DA:328,1
DA:329,1
DA:330,1
DA:331,1
DA:332,1
DA:333,1
DA:334,1
DA:345,0
DA:346,0
DA:348,390
DA:349,0
DA:351,390
DA:353,390
DA:354,0
DA:356,0
DA:357,0
DA:362,0
DA:365,0
DA:371,1
DA:372,0
DA:373,0
DA:374,0
DA:375,1
DA:376,0
DA:377,0
DA:378,6
DA:422,1
DA:423,1
DA:424,1
DA:425,1
DA:426,1
DA:427,1
DA:428,1
DA:429,1
DA:430,1
DA:431,1
DA:432,1
DA:433,1
DA:434,1
DA:435,1
DA:436,1
DA:437,1
DA:438,1
DA:439,1
DA:453,0
DA:454,0
DA:480,0
DA:481,0
DA:482,0
DA:483,6
DA:485,390
DA:486,0
DA:489,0
DA:490,0
DA:491,0
DA:492,0
DA:493,0
DA:495,0
DA:496,0
DA:497,0
DA:498,0
DA:499,390
DA:501,390
DA:508,390
DA:509,390
DA:510,390
DA:515,0
DA:516,0
DA:531,0
DA:533,390
DA:534,0
DA:535,0
DA:536,0
DA:537,390
DA:538,0
DA:539,0
DA:544,0
DA:545,0
DA:551,1
DA:552,0
DA:553,0
DA:554,0
DA:555,1
DA:556,0
DA:557,0
DA:558,0
DA:602,1
DA:603,1
DA:604,1
DA:605,1
DA:606,1
DA:607,1
DA:608,1
DA:609,1
DA:610,1
DA:611,1
DA:612,1
DA:613,1
DA:614,1
DA:615,1
DA:616,1
DA:617,1
DA:618,1
DA:619,1
DA:631,0
DA:632,2
DA:633,0
DA:634,6
DA:638,0
DA:641,0
DA:644,0
DA:647,0
DA:650,0
DA:651,1
DA:654,0
DA:657,6
DA:663,390
DA:665,390
DA:666,390
DA:667,390
DA:668,390
DA:671,103
DA:673,103
DA:674,103
DA:675,0
DA:678,0
DA:679,0
DA:682,0
DA:683,0
DA:686,0
DA:687,0
DA:689,0
DA:690,0
DA:692,0
DA:693,0
DA:695,0
DA:696,0
DA:697,0
DA:699,0
DA:700,0
end_of_record
SF:/mnt/data/github/rtldesignsherpa/rtl/common/math_bf16_divider.sv
DA:70,13
DA:71,12
DA:72,16
DA:73,4
DA:74,4
DA:75,6
DA:76,4
DA:82,13
DA:83,18
DA:84,15
DA:86,16
DA:87,19
DA:88,12
DA:93,4
DA:94,8
DA:97,2
DA:98,2
DA:101,4
DA:102,4
DA:105,4
DA:106,2
DA:109,6
DA:110,10
DA:113,19
DA:123,8
DA:129,8
DA:130,12
DA:131,4
DA:148,1
DA:149,1
DA:153,0
DA:158,0
DA:159,0
DA:162,0
DA:168,0
DA:169,27
DA:170,0
DA:171,26
DA:175,0
DA:182,17
DA:185,27
DA:186,18
DA:188,17
DA:193,27
DA:194,27
DA:197,0
DA:198,0
DA:201,16
DA:204,8
DA:209,8
DA:212,10
DA:213,12
DA:216,28
DA:225,2
DA:228,4
DA:229,2
DA:230,4
DA:233,6
DA:236,2
DA:237,6
DA:240,10
DA:246,144
DA:248,144
DA:249,144
DA:250,144
DA:251,144
DA:252,144
DA:255,17
DA:257,17
DA:258,17
DA:259,16
DA:261,16
DA:262,16
DA:263,16
DA:264,12
DA:266,12
DA:267,12
end_of_record
SF:/mnt/data/github/rtldesignsherpa/rtl/common/math_bf16_exp2.sv
DA:42,9
DA:43,0
DA:44,4
DA:45,4
DA:46,2
DA:60,13
DA:61,10
DA:62,9
DA:71,6
DA:72,2
DA:73,2
DA:90,7
DA:91,4
DA:93,97
DA:94,6
DA:97,6
DA:98,6
DA:99,77
DA:102,77
DA:103,4
DA:104,4
DA:105,4
DA:107,12
DA:108,12
DA:109,12
DA:110,12
DA:112,30
DA:113,30
DA:114,30
DA:115,30
DA:117,27
DA:118,27
DA:119,27
DA:120,27
DA:122,0
DA:123,0
DA:124,0
DA:125,0
DA:127,0
DA:128,0
DA:129,0
DA:130,0
DA:132,2
DA:133,2
DA:134,2
DA:135,2
DA:137,2
DA:138,2
DA:139,2
DA:140,2
DA:142,0
DA:143,0
DA:144,0
DA:147,4
DA:151,4
DA:152,4
DA:154,2
DA:156,2
DA:157,2
DA:158,2
DA:160,2
DA:161,2
DA:162,0
DA:164,0
DA:165,0
DA:166,6
DA:168,6
DA:169,6
DA:181,4
DA:182,8
DA:191,0
DA:192,0
DA:193,0
DA:194,0
DA:195,0
DA:196,0
DA:197,0
DA:198,0
DA:199,0
DA:200,0
DA:201,0
DA:202,0
DA:203,0
DA:204,0
DA:205,0
DA:206,0
DA:207,0
DA:208,0
DA:209,0
DA:210,0
DA:211,0
DA:212,0
DA:213,0
DA:214,0
DA:215,0
DA:216,0
DA:217,0
DA:218,0
DA:219,0
DA:220,0
DA:221,0
DA:222,0
DA:223,0
DA:224,0
DA:225,0
DA:444,11
DA:445,4
DA:446,6
DA:447,9
DA:458,0
DA:459,0
DA:460,0
DA:461,0
DA:462,0
DA:463,0
DA:464,0
DA:465,0
DA:466,0
DA:467,0
DA:468,0
DA:469,0
DA:470,0
DA:471,0
DA:472,0
DA:473,0
DA:474,0
DA:475,0
DA:476,0
DA:477,0
DA:478,0
DA:479,0
DA:480,0
DA:481,0
DA:482,0
DA:483,0
DA:484,0
DA:485,0
DA:486,0
DA:487,0
DA:488,0
DA:489,0
DA:490,0
DA:491,0
DA:492,0
DA:703,9
DA:712,2
DA:713,12
DA:714,2
DA:715,4
DA:725,0
DA:727,97
DA:728,2
DA:729,2
DA:730,6
DA:732,6
DA:733,2
DA:735,2
DA:736,2
DA:738,2
DA:739,2
DA:740,2
DA:741,2
DA:742,2
DA:743,81
DA:745,81
end_of_record
SF:/mnt/data/github/rtldesignsherpa/rtl/common/math_bf16_exponent_adder.sv
DA:24,11
DA:25,8
DA:26,0
DA:27,7
DA:28,0
DA:29,0
DA:30,4
DA:31,4
DA:32,4
DA:33,6
DA:34,4
DA:35,6
DA:56,4
DA:66,4
DA:70,4
DA:73,2
DA:83,52
DA:84,0
DA:85,0
DA:86,0
DA:87,0
DA:88,52
DA:89,52
end_of_record
SF:/mnt/data/github/rtldesignsherpa/rtl/common/math_bf16_fast_reciprocal.sv
DA:42,5
DA:43,6
DA:44,2
DA:45,2
DA:46,0
DA:47,2
DA:48,4
DA:54,11
DA:55,11
DA:56,5
DA:65,2
DA:66,2
DA:67,0
DA:86,6
DA:87,7
DA:97,0
DA:98,0
DA:99,0
DA:100,0
DA:101,0
DA:102,0
DA:103,0
DA:104,0
DA:105,0
DA:106,0
DA:107,0
DA:108,0
DA:109,0
DA:110,0
DA:111,0
DA:112,0
DA:113,0
DA:114,0
DA:115,0
DA:116,0
DA:117,0
DA:118,0
DA:119,0
DA:120,0
DA:121,0
DA:122,0
DA:123,0
DA:124,0
DA:125,0
DA:126,0
DA:127,0
DA:128,0
DA:129,0
DA:130,0
DA:356,8
DA:357,1
DA:358,2
DA:377,4
DA:391,98
DA:392,0
DA:394,0
DA:396,4
DA:398,4
DA:400,11
DA:402,11
DA:404,0
DA:407,0
DA:409,81
DA:411,81
end_of_record
SF:/mnt/data/github/rtldesignsherpa/rtl/common/math_bf16_fma.sv
DA:24,0
DA:25,0
DA:26,883
DA:27,1422
DA:28,0
DA:29,0
DA:30,2
DA:36,1
DA:37,9
DA:38,0
DA:40,43
DA:41,89
DA:42,0
DA:47,883
DA:48,3532
DA:49,15875
DA:52,8
DA:53,46
DA:54,0
DA:55,0
DA:56,4
DA:57,2
DA:58,2
DA:59,2
DA:62,8
DA:63,46
DA:64,8
DA:65,48
DA:68,890
DA:69,0
DA:70,4
DA:71,1
DA:72,890
DA:73,883
DA:78,42
DA:81,0
DA:82,0
DA:84,0
DA:92,24
DA:95,0
DA:98,24
DA:102,32
DA:105,0
DA:109,0
DA:118,883
DA:121,0
DA:122,2686
DA:125,2841
DA:126,0
DA:129,847
DA:132,0
DA:133,0
DA:136,0
DA:137,1553
DA:138,0
DA:150,845
DA:154,845
DA:157,0
DA:158,6613
DA:170,1256
DA:171,1090
DA:175,0
DA:176,1477
DA:187,4656
DA:188,0
DA:191,0
DA:202,0
DA:210,0
DA:217,640
DA:220,0
DA:224,0
DA:230,7773
DA:231,10479
DA:232,5943
DA:233,4751
DA:236,9863
DA:239,640
DA:240,640
DA:245,5372
DA:248,0
DA:253,1
DA:256,4
DA:258,46
DA:259,2
DA:260,2
DA:261,2
DA:265,4
DA:266,52
DA:270,50310
DA:272,50310
DA:273,50310
DA:274,50310
DA:275,50310
DA:284,11
DA:285,11
DA:286,11
DA:287,2
DA:288,2
DA:289,2
DA:290,2
DA:291,92
DA:293,92
DA:294,4596
DA:296,4596
DA:297,802
DA:299,802
DA:300,738
DA:304,738
DA:305,0
DA:306,0
DA:307,0
DA:308,0
DA:309,0
DA:310,0
end_of_record
SF:/mnt/data/github/rtldesignsherpa/rtl/common/math_bf16_goldschmidt_div.sv
DA:52,143
DA:53,1
DA:54,8
DA:55,7
DA:56,1
DA:57,8
DA:58,1
DA:59,4
DA:60,4
DA:61,2
DA:77,8
DA:78,11
DA:79,7
DA:92,0
DA:93,0
DA:94,11
DA:109,6
DA:110,0
DA:111,2
DA:112,6
DA:130,0
DA:133,2
DA:134,0
DA:157,0
DA:158,0
DA:161,1
DA:165,0
DA:166,0
DA:167,0
DA:450,72
DA:451,11
DA:452,11
DA:453,11
DA:454,11
DA:455,11
DA:456,11
DA:457,61
DA:458,61
DA:459,61
DA:460,61
DA:461,61
DA:463,5
DA:464,5
DA:465,2
DA:466,2
DA:467,0
DA:468,0
DA:469,10
DA:470,10
DA:472,44
end_of_record
SF:/mnt/data/github/rtldesignsherpa/rtl/common/math_bf16_log2.sv
DA:44,2
DA:45,3
DA:46,6
DA:47,2
DA:48,2
DA:49,2
DA:63,2
DA:64,13
DA:65,7
DA:74,6
DA:75,2
DA:76,2
DA:87,6
DA:97,8
DA:98,10
DA:106,0
DA:107,0
DA:108,0
DA:109,0
DA:110,0
DA:111,0
DA:112,0
DA:113,0
DA:114,0
DA:115,0
DA:116,0
DA:117,0
DA:118,0
DA:119,0
DA:120,0
DA:121,0
DA:122,0
DA:123,0
DA:124,0
DA:125,0
DA:126,0
DA:127,0
DA:128,0
DA:129,0
DA:130,0
DA:131,0
DA:132,0
DA:133,0
DA:134,0
DA:135,0
DA:136,0
DA:137,0
DA:138,0
DA:139,0
DA:140,0
DA:359,4
DA:360,0
DA:361,9
DA:362,8
DA:373,83
DA:374,4
DA:376,4
DA:377,37
DA:384,14
DA:386,14
DA:387,5
DA:389,5
DA:390,2
DA:392,2
DA:393,0
DA:395,0
DA:396,10
DA:398,10
DA:399,4
DA:401,4
DA:402,0
DA:404,2
DA:405,0
DA:409,0
DA:410,0
DA:411,0
DA:412,0
DA:413,0
DA:414,0
DA:415,0
DA:416,0
DA:417,0
DA:418,0
DA:419,0
DA:420,0
DA:421,0
DA:422,0
DA:423,0
DA:424,0
DA:427,42
DA:432,12
DA:434,12
DA:435,12
DA:436,12
DA:437,4
DA:438,4
DA:439,0
DA:440,0
DA:441,8
DA:442,8
DA:443,4
DA:444,4
DA:445,0
DA:446,2
DA:447,0
DA:450,0
DA:451,0
DA:452,0
DA:453,0
DA:454,0
DA:455,0
DA:456,0
DA:457,0
DA:458,0
DA:459,0
DA:460,0
DA:461,0
DA:462,0
DA:463,0
DA:464,0
DA:466,0
end_of_record
SF:/mnt/data/github/rtldesignsherpa/rtl/common/math_bf16_log2_scale.sv
DA:84,4
DA:85,11
DA:86,11
DA:87,11
DA:88,0
DA:89,2
DA:90,11
DA:96,13
DA:97,8
DA:102,2
DA:103,2
DA:104,2
DA:118,3
DA:119,2
DA:122,2
DA:123,11
DA:153,12
DA:160,11
DA:165,11
DA:171,0
DA:180,11
DA:185,98
DA:187,98
DA:188,98
DA:189,98
DA:190,98
DA:191,98
DA:192,98
DA:195,6
DA:197,6
DA:198,6
DA:199,6
DA:200,6
DA:201,6
DA:202,11
DA:205,11
DA:206,11
DA:207,11
DA:208,11
DA:209,11
DA:210,23
DA:212,23
end_of_record
SF:/mnt/data/github/rtldesignsherpa/rtl/common/math_bf16_mantissa_mult.sv
DA:24,0
DA:25,0
DA:26,7
DA:27,11
DA:28,0
DA:29,0
DA:30,0
DA:31,0
DA:32,0
DA:36,0
DA:37,0
DA:71,2
DA:72,0
DA:74,0
DA:75,0
DA:77,0
DA:78,0
end_of_record
SF:/mnt/data/github/rtldesignsherpa/rtl/common/math_bf16_max_tree.sv
DA:79,4
DA:80,9
DA:81,24
DA:82,2
DA:86,4
DA:102,3
DA:103,0
DA:107,4
end_of_record
SF:/mnt/data/github/rtldesignsherpa/rtl/common/math_bf16_multiplier.sv
DA:24,0
DA:25,0
DA:26,0
DA:27,0
DA:28,0
DA:29,2
DA:35,8
DA:36,11
DA:37,0
DA:39,5
DA:40,8
DA:41,0
DA:46,8
DA:47,4
DA:50,0
DA:51,0
DA:54,6
DA:55,6
DA:58,4
DA:59,2
DA:62,10
DA:63,4
DA:66,7
DA:67,11
DA:70,7
DA:73,0
DA:74,0
DA:75,0
DA:76,0
DA:77,0
DA:92,7
DA:93,0
DA:94,0
DA:95,4
DA:96,6
DA:97,6
DA:119,2
DA:120,0
DA:123,0
DA:126,0
DA:129,0
DA:133,7
DA:136,4
DA:141,2
DA:144,2
DA:147,6
DA:150,4
DA:154,52
DA:156,52
DA:157,52
DA:158,52
DA:159,52
DA:162,14
DA:164,14
DA:165,14
DA:166,10
DA:168,10
DA:169,10
DA:170,9
DA:172,19
DA:173,19
end_of_record
SF:/mnt/data/github/rtldesignsherpa/rtl/common/math_compressor_4to2.sv
DA:20,0
DA:21,0
DA:22,19
DA:23,0
DA:24,0
DA:26,0
end_of_record
SF:/mnt/data/github/rtldesignsherpa/rtl/common/math_multiplier_dadda_4to2_008.sv
DA:24,0
DA:25,0
DA:26,0
DA:30,0
DA:31,0
DA:32,0
DA:33,0
DA:34,0
DA:35,0
DA:36,0
DA:37,0
DA:38,0
DA:39,0
DA:40,0
DA:41,0
DA:42,0
DA:43,0
DA:44,0
DA:45,0
DA:46,0
DA:47,0
DA:48,0
DA:49,0
DA:50,0
DA:51,0
DA:52,0
DA:53,0
DA:54,0
DA:55,0
DA:56,0
DA:57,0
DA:58,0
DA:59,0
DA:60,0
DA:61,0
DA:62,0
DA:63,0
DA:64,0
DA:65,0
DA:66,0
DA:67,0
DA:68,0
DA:69,0
DA:70,0
DA:71,0
DA:72,0
DA:73,0
DA:74,0
DA:75,0
DA:76,0
DA:77,0
DA:78,0
DA:79,0
DA:80,0
DA:81,0
DA:82,0
DA:83,0
DA:84,0
DA:85,2
DA:86,0
DA:87,0
DA:88,0
DA:89,0
DA:90,0
DA:91,0
DA:92,2
DA:93,1
DA:97,0
DA:104,0
DA:111,0
DA:118,0
DA:125,0
DA:132,0
DA:139,0
DA:146,0
DA:156,0
DA:163,0
DA:170,0
DA:177,0
DA:184,0
DA:191,0
DA:198,0
DA:205,0
DA:212,0
DA:219,0
DA:226,0
DA:233,0
DA:240,0
DA:247,0
DA:254,0
DA:261,0
DA:271,0
DA:278,0
DA:285,0
DA:292,0
DA:299,0
DA:306,0
DA:313,0
DA:320,0
DA:327,0
DA:334,0
DA:341,0
DA:351,0
DA:356,0
DA:361,0
DA:368,0
DA:375,0
DA:382,0
DA:391,0
DA:426,0
end_of_record
SF:/mnt/data/github/rtldesignsherpa/rtl/common/math_prefix_cell.sv
DA:19,0
DA:20,0
DA:21,0
end_of_record
SF:/mnt/data/github/rtldesignsherpa/rtl/common/math_prefix_cell_gray.sv
DA:19,0
DA:20,0
DA:21,0
end_of_record
SF:/mnt/data/github/rtldesignsherpa/rtl/common/shifter_barrel.sv
DA:21,0
DA:22,0
DA:29,0
DA:30,0
DA:34,0
DA:35,0
DA:38,0
DA:42,0
DA:55,780
DA:56,780
DA:57,0
DA:58,0
DA:60,390
DA:61,390
DA:63,0
DA:64,0
DA:66,0
DA:67,0
DA:69,390
DA:70,390
DA:72,0
DA:73,0
DA:75,0
DA:76,0
end_of_record
