TN:verilator_coverage
SF:/mnt/data/github/rtldesignsherpa/projects/components/rapids/rtl/fub_beats/alloc_ctrl_beats.sv
DA:38,9283
DA:39,15
DA:42,370
DA:43,0
DA:44,67
DA:47,3182
DA:48,147
DA:51,44
DA:52,52
DA:53,49
DA:54,132
DA:55,108
DA:61,15
DA:62,15
DA:68,1
DA:69,3
DA:70,49
DA:71,6
DA:76,364
DA:97,182
DA:116,4649
DA:117,1591
DA:119,1591
DA:120,1591
DA:121,1591
end_of_record
SF:/mnt/data/github/rtldesignsherpa/projects/components/rapids/rtl/fub_beats/descriptor_engine_beats.sv
DA:68,12504
DA:69,24
DA:72,192
DA:73,198
DA:74,0
DA:77,180
DA:78,255
DA:79,24
DA:80,0
DA:81,6
DA:84,0
DA:85,0
DA:86,0
DA:87,0
DA:90,228
DA:91,228
DA:92,0
DA:93,0
DA:94,0
DA:95,0
DA:96,0
DA:97,0
DA:98,0
DA:99,0
DA:100,0
DA:101,0
DA:104,222
DA:105,222
DA:106,0
DA:107,0
DA:108,222
DA:109,0
DA:112,0
DA:113,0
DA:114,0
DA:115,0
DA:116,0
DA:117,0
DA:120,6
DA:123,207
DA:126,213
DA:127,24
DA:128,0
DA:135,24
DA:136,24
DA:160,0
DA:161,0
DA:165,6
DA:166,207
DA:167,429
DA:168,252
DA:174,24
DA:175,192
DA:176,0
DA:183,24
DA:184,252
DA:185,0
DA:186,252
DA:192,24
DA:193,30
DA:198,228
DA:202,222
DA:203,0
DA:204,0
DA:208,0
DA:209,0
DA:213,12
DA:214,60
DA:215,12
DA:219,0
DA:220,21
DA:221,18
DA:222,0
DA:223,0
DA:228,72
DA:229,222
DA:230,24
DA:234,6
DA:238,174
DA:239,228
DA:243,213
DA:244,0
DA:257,384
DA:287,192
DA:358,39090
DA:359,39090
DA:360,39090
DA:363,672
DA:364,672
DA:365,672
DA:368,126
DA:369,126
DA:370,126
DA:403,0
DA:475,24
DA:477,24
DA:478,24
DA:479,24
DA:480,24
DA:481,24
DA:482,24
DA:485,24
DA:486,24
DA:487,24
DA:491,24
DA:492,24
DA:493,24
DA:494,24
DA:566,384
DA:568,0
DA:569,186
DA:570,0
DA:571,216
DA:572,0
DA:573,0
DA:574,0
DA:575,0
DA:577,24
DA:578,24
DA:579,24
DA:580,24
DA:581,24
DA:582,24
DA:583,24
DA:584,24
DA:585,24
DA:589,0
DA:590,0
DA:592,0
DA:593,0
DA:595,0
DA:596,0
DA:597,0
DA:598,0
DA:602,0
DA:604,0
DA:605,0
DA:606,0
DA:607,0
DA:612,0
DA:614,0
DA:615,0
DA:616,0
DA:618,0
DA:619,0
DA:620,0
DA:621,0
DA:627,0
DA:629,0
DA:633,0
DA:638,0
DA:640,0
DA:643,0
DA:645,0
DA:718,0
DA:725,39090
DA:726,39090
DA:728,777
DA:730,777
DA:731,777
DA:732,777
DA:733,777
DA:734,777
DA:801,0
DA:821,0
DA:835,204
DA:855,78
end_of_record
SF:/mnt/data/github/rtldesignsherpa/projects/components/rapids/rtl/fub_beats/drain_ctrl_beats.sv
DA:38,9251
DA:39,15
DA:42,3262
DA:43,21
DA:46,264
DA:47,0
DA:48,231
DA:51,2
DA:52,6
DA:53,3
DA:54,216
DA:55,160
DA:61,15
DA:62,15
DA:68,0
DA:69,0
DA:70,3
DA:71,2
DA:72,0
DA:77,264
DA:96,4633
DA:97,1628
DA:99,1628
DA:100,1628
DA:101,1628
DA:117,132
end_of_record
SF:/mnt/data/github/rtldesignsherpa/projects/components/rapids/rtl/fub_beats/latency_bridge_beats.sv
DA:50,338
DA:51,6
DA:57,12
DA:58,14
DA:59,0
DA:65,20
DA:66,6
DA:67,0
DA:72,8
DA:77,12
DA:78,20
DA:86,12
DA:89,12
DA:90,14
DA:91,0
DA:92,8
DA:101,8
DA:130,0
DA:131,8
DA:132,14
DA:137,12
DA:146,66
DA:189,8
DA:190,172
DA:191,172
DA:192,30
DA:193,30
DA:194,30
DA:198,62
DA:199,62
DA:200,62
end_of_record
SF:/mnt/data/github/rtldesignsherpa/projects/components/rapids/rtl/fub_beats/scheduler_beats.sv
DA:81,13082
DA:82,12
DA:85,12
DA:86,2
DA:87,0
DA:88,12
DA:91,72
DA:92,0
DA:95,64
DA:96,76
DA:97,0
DA:98,2
DA:102,92
DA:103,0
DA:104,0
DA:108,98
DA:109,13
DA:110,0
DA:111,0
DA:114,248
DA:115,0
DA:116,232
DA:117,0
DA:120,2
DA:121,2
DA:122,4
DA:125,126
DA:126,12
DA:127,0
DA:135,12
DA:136,12
DA:168,0
DA:169,12
DA:170,1
DA:171,12
DA:172,0
DA:173,0
DA:174,0
DA:175,0
DA:187,0
DA:190,72
DA:191,62
DA:192,62
DA:193,60
DA:194,4
DA:195,4
DA:199,2
DA:204,62
DA:208,0
DA:209,0
DA:210,0
DA:211,0
DA:212,0
DA:217,0
DA:218,2
DA:225,1
DA:226,1
DA:227,4
DA:231,126
DA:232,0
DA:236,73
DA:237,73
DA:238,73
DA:250,131
DA:263,131
DA:272,39787
DA:273,39787
DA:276,61
DA:277,61
DA:278,39726
DA:284,3319
DA:285,3319
DA:286,3319
DA:287,36407
DA:289,36407
DA:290,17440
DA:294,201
DA:295,201
DA:299,185
DA:302,0
DA:303,185
DA:304,0
DA:305,0
DA:309,12426
DA:319,210
DA:320,210
DA:325,180
DA:328,12
DA:329,12
DA:330,168
DA:331,168
DA:335,6016
DA:338,14
DA:339,14
DA:344,124
DA:347,124
DA:350,36
DA:352,36
DA:359,12
DA:360,12
DA:361,12
DA:362,12
DA:363,12
DA:364,12
DA:365,12
DA:366,12
DA:478,10
DA:509,90
DA:510,96
DA:608,5
DA:726,1
end_of_record
SF:/mnt/data/github/rtldesignsherpa/projects/components/rapids/rtl/includes/rapids_pkg.sv
DA:184,0
DA:186,0
DA:191,0
DA:193,0
DA:198,0
DA:199,0
DA:204,0
DA:205,0
DA:206,0
DA:207,0
DA:208,0
DA:209,0
DA:210,0
DA:211,0
DA:216,0
DA:218,0
DA:223,0
DA:224,0
DA:228,0
DA:229,0
DA:233,0
DA:234,0
DA:236,0
DA:241,0
DA:242,0
DA:245,0
DA:248,0
DA:253,0
DA:257,0
DA:258,0
DA:260,0
DA:262,0
DA:265,0
DA:269,0
DA:273,0
DA:275,0
DA:283,0
DA:289,0
DA:290,0
DA:291,0
DA:292,0
DA:294,0
DA:295,0
DA:296,0
DA:297,0
DA:298,0
DA:299,0
DA:300,0
DA:301,0
DA:309,0
DA:324,0
DA:327,0
DA:330,0
DA:331,0
DA:332,0
DA:333,0
DA:336,0
DA:339,0
DA:340,0
DA:342,0
DA:343,0
DA:344,0
DA:345,0
DA:346,0
DA:347,0
DA:349,0
DA:350,0
DA:354,0
DA:356,0
DA:357,0
DA:358,0
DA:359,0
DA:360,0
DA:361,0
DA:362,0
DA:364,0
DA:365,0
DA:366,0
DA:367,0
DA:368,0
DA:369,0
DA:371,0
DA:374,0
DA:376,0
DA:377,0
DA:378,0
DA:379,0
DA:380,0
DA:384,0
DA:386,0
DA:390,0
DA:391,0
DA:393,0
DA:394,0
DA:395,0
DA:397,0
DA:398,0
DA:401,0
DA:403,0
DA:405,0
DA:406,0
DA:407,0
DA:409,0
DA:411,0
DA:413,0
DA:414,0
DA:415,0
DA:416,0
DA:417,0
DA:418,0
DA:420,0
DA:423,0
DA:425,0
DA:426,0
DA:427,0
DA:428,0
DA:430,0
DA:435,0
DA:437,0
DA:442,0
DA:443,0
DA:444,0
DA:449,0
DA:450,0
DA:451,0
DA:455,0
end_of_record
SF:/mnt/data/github/rtldesignsherpa/rtl/amba/gaxi/gaxi_fifo_sync.sv
DA:40,169
DA:41,3
DA:42,6
DA:43,7
DA:44,0
DA:45,3
DA:46,0
DA:47,10
DA:48,0
DA:54,12
DA:55,5
DA:56,6
DA:57,0
DA:58,0
DA:63,4
DA:207,86
DA:208,28
DA:209,28
DA:220,3
DA:235,86
DA:236,0
DA:237,0
DA:238,0
DA:240,0
DA:241,0
DA:242,0
end_of_record
SF:/mnt/data/github/rtldesignsherpa/rtl/amba/gaxi/gaxi_skid_buffer.sv
DA:31,12504
DA:32,24
DA:35,192
DA:36,24
DA:37,0
DA:40,0
DA:41,192
DA:42,252
DA:43,0
DA:44,0
DA:47,0
DA:48,0
DA:49,192
DA:50,192
DA:51,0
DA:80,0
DA:96,0
end_of_record
SF:/mnt/data/github/rtldesignsherpa/rtl/amba/includes/monitor_amba4_pkg.sv
DA:463,0
DA:465,0
DA:466,0
DA:469,0
DA:471,0
DA:472,0
DA:475,0
DA:477,0
DA:478,0
DA:481,0
DA:483,0
DA:484,0
DA:487,0
DA:489,0
DA:490,0
DA:493,0
DA:495,0
DA:496,0
DA:499,0
DA:501,0
DA:502,0
DA:506,0
DA:508,0
DA:509,0
DA:512,0
DA:514,0
DA:515,0
DA:518,0
DA:520,0
DA:521,0
DA:524,0
DA:526,0
DA:527,0
DA:530,0
DA:532,0
DA:533,0
DA:536,0
DA:538,0
DA:539,0
DA:543,0
DA:545,0
DA:546,0
DA:549,0
DA:551,0
DA:552,0
DA:555,0
DA:557,0
DA:558,0
DA:561,0
DA:563,0
DA:564,0
DA:567,0
DA:569,0
DA:570,0
DA:573,0
DA:575,0
DA:576,0
DA:641,0
DA:642,0
DA:643,0
DA:644,0
DA:645,0
DA:646,0
DA:647,0
DA:648,0
DA:649,0
DA:650,0
DA:651,0
DA:652,0
DA:653,0
DA:654,0
DA:655,0
DA:656,0
DA:657,0
DA:658,0
DA:659,0
DA:664,0
DA:669,0
DA:670,0
DA:671,0
DA:672,0
DA:673,0
DA:674,0
DA:675,0
DA:676,0
DA:677,0
DA:678,0
DA:679,0
DA:682,0
DA:683,0
DA:684,0
DA:685,0
DA:686,0
DA:687,0
DA:688,0
DA:689,0
DA:690,0
DA:693,0
DA:694,0
DA:695,0
DA:696,0
DA:697,0
DA:698,0
DA:699,0
DA:700,0
DA:701,0
DA:704,0
end_of_record
SF:/mnt/data/github/rtldesignsherpa/rtl/amba/includes/monitor_common_pkg.sv
DA:75,0
DA:76,0
DA:79,0
DA:80,0
DA:83,0
DA:84,0
DA:87,0
DA:88,0
DA:91,0
DA:92,0
DA:95,0
DA:96,0
DA:99,0
DA:100,0
DA:103,740
DA:112,740
DA:189,0
DA:190,0
DA:191,0
DA:192,0
DA:193,0
DA:194,0
DA:195,0
DA:196,0
DA:197,0
DA:198,0
DA:199,0
DA:200,0
DA:201,0
DA:202,0
DA:206,0
DA:207,0
DA:208,0
DA:209,0
DA:210,0
DA:211,0
DA:212,0
DA:213,0
end_of_record
SF:/mnt/data/github/rtldesignsherpa/rtl/common/counter_bin.sv
DA:167,676
DA:168,5
DA:169,20
DA:170,1
DA:171,3
DA:175,5
DA:179,2064
DA:180,630
DA:182,7
DA:184,7
DA:187,486
DA:188,1434
DA:190,1434
DA:200,80
end_of_record
SF:/mnt/data/github/rtldesignsherpa/rtl/common/fifo_control.sv
DA:106,338
DA:107,6
DA:108,338
DA:109,6
DA:111,3
DA:112,0
DA:113,0
DA:114,3
DA:115,0
DA:116,0
DA:117,0
DA:118,14
DA:119,12
DA:129,11
DA:130,11
DA:131,0
DA:132,14
DA:134,0
DA:153,172
DA:154,66
DA:155,66
DA:156,66
DA:157,106
DA:158,106
DA:159,106
DA:165,1
DA:166,3
DA:179,240
DA:209,0
DA:217,172
DA:218,66
DA:219,66
DA:220,66
DA:221,66
DA:222,106
DA:223,106
DA:224,106
DA:225,106
end_of_record
